192.168.56.101 - 2014-10-26 10:38:55 - 4 - PHP Warning: array_multisort(): Argument #1 is expected to be an array or a sort flag in /var/www/aae-ensg/plugins/galette-plugin-aae/public.php on line 56
192.168.56.101 - 2014-10-26 10:38:58 - 4 - PHP Warning: array_multisort(): Argument #1 is expected to be an array or a sort flag in /var/www/aae-ensg/plugins/galette-plugin-aae/public.php on line 56
192.168.56.101 - 2014-10-26 10:39:01 - 4 - PHP Warning: array_multisort(): Argument #1 is expected to be an array or a sort flag in /var/www/aae-ensg/plugins/galette-plugin-aae/public.php on line 56
192.168.56.101 - 2014-10-26 17:21:13 - 5 - PHP Notice: Undefined variable: orig_template_path in /var/www/aae-ensg/plugins/galette-plugin-aae/offres.php on line 39
192.168.56.101 - 2014-10-26 17:21:14 - 5 - PHP Notice: Undefined variable: orig_template_path in /var/www/aae-ensg/plugins/galette-plugin-aae/offres.php on line 39
192.168.56.101 - 2014-10-26 17:21:15 - 5 - PHP Notice: Undefined variable: orig_template_path in /var/www/aae-ensg/plugins/galette-plugin-aae/offres.php on line 39
192.168.56.101 - 2014-10-26 17:21:40 - 5 - PHP Notice: Undefined variable: orig_template_path in /var/www/aae-ensg/plugins/galette-plugin-aae/offres.php on line 39
192.168.56.101 - 2014-10-26 17:21:41 - 5 - PHP Notice: Undefined variable: orig_template_path in /var/www/aae-ensg/plugins/galette-plugin-aae/offres.php on line 39
192.168.56.101 - 2014-10-26 17:23:43 - 5 - PHP Notice: Undefined variable: orig_template_path in /var/www/aae-ensg/plugins/galette-plugin-aae/offres.php on line 39
192.168.56.101 - 2014-10-26 17:23:45 - 5 - PHP Notice: Undefined variable: orig_template_path in /var/www/aae-ensg/plugins/galette-plugin-aae/offres.php on line 39
192.168.56.101 - 2014-10-26 17:23:45 - 5 - PHP Notice: Undefined variable: orig_template_path in /var/www/aae-ensg/plugins/galette-plugin-aae/offres.php on line 39
192.168.56.101 - 2014-10-26 17:23:46 - 5 - PHP Notice: Undefined variable: orig_template_path in /var/www/aae-ensg/plugins/galette-plugin-aae/offres.php on line 39
192.168.56.101 - 2014-10-26 17:23:47 - 5 - PHP Notice: Undefined variable: orig_template_path in /var/www/aae-ensg/plugins/galette-plugin-aae/offres.php on line 39
192.168.56.101 - 2014-10-26 17:23:47 - 5 - PHP Notice: Undefined variable: orig_template_path in /var/www/aae-ensg/plugins/galette-plugin-aae/offres.php on line 39
192.168.56.101 - 2014-10-26 17:23:48 - 5 - PHP Notice: Undefined variable: orig_template_path in /var/www/aae-ensg/plugins/galette-plugin-aae/offres.php on line 39
192.168.56.101 - 2014-10-26 17:25:53 - 5 - PHP Notice: Undefined variable: orig_template_path in /var/www/aae-ensg/plugins/galette-plugin-aae/offres.php on line 39
192.168.56.101 - 2014-10-26 17:27:53 - 5 - PHP Notice: Undefined variable: orig_template_path in /var/www/aae-ensg/plugins/galette-plugin-aae/offres.php on line 39
192.168.56.101 - 2014-10-26 17:27:54 - 5 - PHP Notice: Undefined variable: orig_template_path in /var/www/aae-ensg/plugins/galette-plugin-aae/offres.php on line 39
192.168.56.101 - 2014-10-26 17:27:55 - 5 - PHP Notice: Undefined variable: orig_template_path in /var/www/aae-ensg/plugins/galette-plugin-aae/offres.php on line 39
192.168.56.101 - 2014-10-26 17:27:56 - 5 - PHP Notice: Undefined variable: orig_template_path in /var/www/aae-ensg/plugins/galette-plugin-aae/offres.php on line 39
192.168.56.101 - 2014-10-26 17:27:56 - 5 - PHP Notice: Undefined variable: orig_template_path in /var/www/aae-ensg/plugins/galette-plugin-aae/offres.php on line 39
192.168.56.101 - 2014-10-26 17:27:57 - 5 - PHP Notice: Undefined variable: orig_template_path in /var/www/aae-ensg/plugins/galette-plugin-aae/offres.php on line 39
192.168.56.101 - 2014-10-26 17:27:57 - 5 - PHP Notice: Undefined variable: orig_template_path in /var/www/aae-ensg/plugins/galette-plugin-aae/offres.php on line 39
192.168.56.101 - 2014-10-26 17:30:25 - 5 - PHP Notice: Undefined variable: cycles in /var/www/aae-ensg/plugins/galette-plugin-aae/offres.php on line 22
192.168.56.101 - 2014-10-26 17:30:26 - 5 - PHP Notice: Undefined variable: cycles in /var/www/aae-ensg/plugins/galette-plugin-aae/offres.php on line 22
192.168.56.101 - 2014-10-26 17:30:58 - 4 - Unable to retrieve offres : "SQLSTATE[42S02]: Base table or view not found: 1146 Table 'aaeensgeoqtest.galette_aae_offres' doesn't exist
192.168.56.101 - 2014-10-26 17:30:58 - 3 - Query was: SELECT `galette_aae_offres`.* FROM `galette_aae_offres` WHERE (1) exception 'PDOException' with message 'SQLSTATE[42S02]: Base table or view not found: 1146 Table 'aaeensgeoqtest.galette_aae_offres' doesn't exist' in /var/www/aae-ensg/includes/Zend-1.12.3/Zend/Db/Statement/Pdo.php:228
Stack trace:
#0 /var/www/aae-ensg/includes/Zend-1.12.3/Zend/Db/Statement/Pdo.php(228): PDOStatement->execute(Array)
#1 /var/www/aae-ensg/includes/Zend-1.12.3/Zend/Db/Statement.php(303): Zend_Db_Statement_Pdo->_execute(Array)
#2 /var/www/aae-ensg/includes/Zend-1.12.3/Zend/Db/Adapter/Abstract.php(480): Zend_Db_Statement->execute(Array)
#3 /var/www/aae-ensg/includes/Zend-1.12.3/Zend/Db/Adapter/Pdo/Abstract.php(238): Zend_Db_Adapter_Abstract->query(Object(Zend_Db_Select), Array)
#4 /var/www/aae-ensg/includes/Zend-1.12.3/Zend/Db/Select.php(686): Zend_Db_Adapter_Pdo_Abstract->query(Object(Zend_Db_Select))
#5 /var/www/aae-ensg/plugins/galette-plugin-aae/lib/GaletteAAE/Offres.php(26): Zend_Db_Select->query(2)
#6 /var/www/aae-ensg/plugins/galette-plugin-aae/offres.php(22): Galette\AAE\Offres->getAllOffres()
#7 {main}

Next exception 'Zend_Db_Statement_Exception' with message 'SQLSTATE[42S02]: Base table or view not found: 1146 Table 'aaeensgeoqtest.galette_aae_offres' doesn't exist' in /var/www/aae-ensg/includes/Zend-1.12.3/Zend/Db/Statement/Pdo.php:234
Stack trace:
#0 /var/www/aae-ensg/includes/Zend-1.12.3/Zend/Db/Statement.php(303): Zend_Db_Statement_Pdo->_execute(Array)
#1 /var/www/aae-ensg/includes/Zend-1.12.3/Zend/Db/Adapter/Abstract.php(480): Zend_Db_Statement->execute(Array)
#2 /var/www/aae-ensg/includes/Zend-1.12.3/Zend/Db/Adapter/Pdo/Abstract.php(238): Zend_Db_Adapter_Abstract->query(Object(Zend_Db_Select), Array)
#3 /var/www/aae-ensg/includes/Zend-1.12.3/Zend/Db/Select.php(686): Zend_Db_Adapter_Pdo_Abstract->query(Object(Zend_Db_Select))
#4 /var/www/aae-ensg/plugins/galette-plugin-aae/lib/GaletteAAE/Offres.php(26): Zend_Db_Select->query(2)
#5 /var/www/aae-ensg/plugins/galette-plugin-aae/offres.php(22): Galette\AAE\Offres->getAllOffres()
#6 {main}
192.168.56.101 - 2014-10-26 17:31:05 - 4 - PHP Warning: array_multisort(): Argument #1 is expected to be an array or a sort flag in /var/www/aae-ensg/plugins/galette-plugin-aae/public.php on line 49
192.168.56.101 - 2014-10-26 17:31:46 - 4 - PHP Warning: array_multisort(): Argument #1 is expected to be an array or a sort flag in /var/www/aae-ensg/plugins/galette-plugin-aae/public.php on line 49
192.168.56.101 - 2014-10-26 17:31:49 - 4 - Unable to retrieve offres : "SQLSTATE[42S02]: Base table or view not found: 1146 Table 'aaeensgeoqtest.galette_aae_offres' doesn't exist
192.168.56.101 - 2014-10-26 17:31:49 - 3 - Query was: SELECT `galette_aae_offres`.* FROM `galette_aae_offres` WHERE (1) exception 'PDOException' with message 'SQLSTATE[42S02]: Base table or view not found: 1146 Table 'aaeensgeoqtest.galette_aae_offres' doesn't exist' in /var/www/aae-ensg/includes/Zend-1.12.3/Zend/Db/Statement/Pdo.php:228
Stack trace:
#0 /var/www/aae-ensg/includes/Zend-1.12.3/Zend/Db/Statement/Pdo.php(228): PDOStatement->execute(Array)
#1 /var/www/aae-ensg/includes/Zend-1.12.3/Zend/Db/Statement.php(303): Zend_Db_Statement_Pdo->_execute(Array)
#2 /var/www/aae-ensg/includes/Zend-1.12.3/Zend/Db/Adapter/Abstract.php(480): Zend_Db_Statement->execute(Array)
#3 /var/www/aae-ensg/includes/Zend-1.12.3/Zend/Db/Adapter/Pdo/Abstract.php(238): Zend_Db_Adapter_Abstract->query(Object(Zend_Db_Select), Array)
#4 /var/www/aae-ensg/includes/Zend-1.12.3/Zend/Db/Select.php(686): Zend_Db_Adapter_Pdo_Abstract->query(Object(Zend_Db_Select))
#5 /var/www/aae-ensg/plugins/galette-plugin-aae/lib/GaletteAAE/Offres.php(26): Zend_Db_Select->query(2)
#6 /var/www/aae-ensg/plugins/galette-plugin-aae/offres.php(22): Galette\AAE\Offres->getAllOffres()
#7 {main}

Next exception 'Zend_Db_Statement_Exception' with message 'SQLSTATE[42S02]: Base table or view not found: 1146 Table 'aaeensgeoqtest.galette_aae_offres' doesn't exist' in /var/www/aae-ensg/includes/Zend-1.12.3/Zend/Db/Statement/Pdo.php:234
Stack trace:
#0 /var/www/aae-ensg/includes/Zend-1.12.3/Zend/Db/Statement.php(303): Zend_Db_Statement_Pdo->_execute(Array)
#1 /var/www/aae-ensg/includes/Zend-1.12.3/Zend/Db/Adapter/Abstract.php(480): Zend_Db_Statement->execute(Array)
#2 /var/www/aae-ensg/includes/Zend-1.12.3/Zend/Db/Adapter/Pdo/Abstract.php(238): Zend_Db_Adapter_Abstract->query(Object(Zend_Db_Select), Array)
#3 /var/www/aae-ensg/includes/Zend-1.12.3/Zend/Db/Select.php(686): Zend_Db_Adapter_Pdo_Abstract->query(Object(Zend_Db_Select))
#4 /var/www/aae-ensg/plugins/galette-plugin-aae/lib/GaletteAAE/Offres.php(26): Zend_Db_Select->query(2)
#5 /var/www/aae-ensg/plugins/galette-plugin-aae/offres.php(22): Galette\AAE\Offres->getAllOffres()
#6 {main}
192.168.56.101 - 2014-10-26 17:31:50 - 4 - Unable to retrieve offres : "SQLSTATE[42S02]: Base table or view not found: 1146 Table 'aaeensgeoqtest.galette_aae_offres' doesn't exist
192.168.56.101 - 2014-10-26 17:31:50 - 3 - Query was: SELECT `galette_aae_offres`.* FROM `galette_aae_offres` WHERE (1) exception 'PDOException' with message 'SQLSTATE[42S02]: Base table or view not found: 1146 Table 'aaeensgeoqtest.galette_aae_offres' doesn't exist' in /var/www/aae-ensg/includes/Zend-1.12.3/Zend/Db/Statement/Pdo.php:228
Stack trace:
#0 /var/www/aae-ensg/includes/Zend-1.12.3/Zend/Db/Statement/Pdo.php(228): PDOStatement->execute(Array)
#1 /var/www/aae-ensg/includes/Zend-1.12.3/Zend/Db/Statement.php(303): Zend_Db_Statement_Pdo->_execute(Array)
#2 /var/www/aae-ensg/includes/Zend-1.12.3/Zend/Db/Adapter/Abstract.php(480): Zend_Db_Statement->execute(Array)
#3 /var/www/aae-ensg/includes/Zend-1.12.3/Zend/Db/Adapter/Pdo/Abstract.php(238): Zend_Db_Adapter_Abstract->query(Object(Zend_Db_Select), Array)
#4 /var/www/aae-ensg/includes/Zend-1.12.3/Zend/Db/Select.php(686): Zend_Db_Adapter_Pdo_Abstract->query(Object(Zend_Db_Select))
#5 /var/www/aae-ensg/plugins/galette-plugin-aae/lib/GaletteAAE/Offres.php(26): Zend_Db_Select->query(2)
#6 /var/www/aae-ensg/plugins/galette-plugin-aae/offres.php(22): Galette\AAE\Offres->getAllOffres()
#7 {main}

Next exception 'Zend_Db_Statement_Exception' with message 'SQLSTATE[42S02]: Base table or view not found: 1146 Table 'aaeensgeoqtest.galette_aae_offres' doesn't exist' in /var/www/aae-ensg/includes/Zend-1.12.3/Zend/Db/Statement/Pdo.php:234
Stack trace:
#0 /var/www/aae-ensg/includes/Zend-1.12.3/Zend/Db/Statement.php(303): Zend_Db_Statement_Pdo->_execute(Array)
#1 /var/www/aae-ensg/includes/Zend-1.12.3/Zend/Db/Adapter/Abstract.php(480): Zend_Db_Statement->execute(Array)
#2 /var/www/aae-ensg/includes/Zend-1.12.3/Zend/Db/Adapter/Pdo/Abstract.php(238): Zend_Db_Adapter_Abstract->query(Object(Zend_Db_Select), Array)
#3 /var/www/aae-ensg/includes/Zend-1.12.3/Zend/Db/Select.php(686): Zend_Db_Adapter_Pdo_Abstract->query(Object(Zend_Db_Select))
#4 /var/www/aae-ensg/plugins/galette-plugin-aae/lib/GaletteAAE/Offres.php(26): Zend_Db_Select->query(2)
#5 /var/www/aae-ensg/plugins/galette-plugin-aae/offres.php(22): Galette\AAE\Offres->getAllOffres()
#6 {main}
192.168.56.101 - 2014-10-26 17:31:54 - 4 - Unable to retrieve offres : "SQLSTATE[42S02]: Base table or view not found: 1146 Table 'aaeensgeoqtest.galette_aae_offres' doesn't exist
192.168.56.101 - 2014-10-26 17:31:54 - 3 - Query was: SELECT `galette_aae_offres`.* FROM `galette_aae_offres` WHERE (1) exception 'PDOException' with message 'SQLSTATE[42S02]: Base table or view not found: 1146 Table 'aaeensgeoqtest.galette_aae_offres' doesn't exist' in /var/www/aae-ensg/includes/Zend-1.12.3/Zend/Db/Statement/Pdo.php:228
Stack trace:
#0 /var/www/aae-ensg/includes/Zend-1.12.3/Zend/Db/Statement/Pdo.php(228): PDOStatement->execute(Array)
#1 /var/www/aae-ensg/includes/Zend-1.12.3/Zend/Db/Statement.php(303): Zend_Db_Statement_Pdo->_execute(Array)
#2 /var/www/aae-ensg/includes/Zend-1.12.3/Zend/Db/Adapter/Abstract.php(480): Zend_Db_Statement->execute(Array)
#3 /var/www/aae-ensg/includes/Zend-1.12.3/Zend/Db/Adapter/Pdo/Abstract.php(238): Zend_Db_Adapter_Abstract->query(Object(Zend_Db_Select), Array)
#4 /var/www/aae-ensg/includes/Zend-1.12.3/Zend/Db/Select.php(686): Zend_Db_Adapter_Pdo_Abstract->query(Object(Zend_Db_Select))
#5 /var/www/aae-ensg/plugins/galette-plugin-aae/lib/GaletteAAE/Offres.php(26): Zend_Db_Select->query(2)
#6 /var/www/aae-ensg/plugins/galette-plugin-aae/offres.php(22): Galette\AAE\Offres->getAllOffres()
#7 {main}

Next exception 'Zend_Db_Statement_Exception' with message 'SQLSTATE[42S02]: Base table or view not found: 1146 Table 'aaeensgeoqtest.galette_aae_offres' doesn't exist' in /var/www/aae-ensg/includes/Zend-1.12.3/Zend/Db/Statement/Pdo.php:234
Stack trace:
#0 /var/www/aae-ensg/includes/Zend-1.12.3/Zend/Db/Statement.php(303): Zend_Db_Statement_Pdo->_execute(Array)
#1 /var/www/aae-ensg/includes/Zend-1.12.3/Zend/Db/Adapter/Abstract.php(480): Zend_Db_Statement->execute(Array)
#2 /var/www/aae-ensg/includes/Zend-1.12.3/Zend/Db/Adapter/Pdo/Abstract.php(238): Zend_Db_Adapter_Abstract->query(Object(Zend_Db_Select), Array)
#3 /var/www/aae-ensg/includes/Zend-1.12.3/Zend/Db/Select.php(686): Zend_Db_Adapter_Pdo_Abstract->query(Object(Zend_Db_Select))
#4 /var/www/aae-ensg/plugins/galette-plugin-aae/lib/GaletteAAE/Offres.php(26): Zend_Db_Select->query(2)
#5 /var/www/aae-ensg/plugins/galette-plugin-aae/offres.php(22): Galette\AAE\Offres->getAllOffres()
#6 {main}
192.168.56.101 - 2014-10-26 17:46:45 - 4 - Unable to retrieve offres : "SQLSTATE[42S02]: Base table or view not found: 1146 Table 'aaeensgeoqtest.galette_aae_offres' doesn't exist
192.168.56.101 - 2014-10-26 17:46:45 - 3 - Query was: SELECT `galette_aae_offres`.* FROM `galette_aae_offres` WHERE (1) exception 'PDOException' with message 'SQLSTATE[42S02]: Base table or view not found: 1146 Table 'aaeensgeoqtest.galette_aae_offres' doesn't exist' in /var/www/aae-ensg/includes/Zend-1.12.3/Zend/Db/Statement/Pdo.php:228
Stack trace:
#0 /var/www/aae-ensg/includes/Zend-1.12.3/Zend/Db/Statement/Pdo.php(228): PDOStatement->execute(Array)
#1 /var/www/aae-ensg/includes/Zend-1.12.3/Zend/Db/Statement.php(303): Zend_Db_Statement_Pdo->_execute(Array)
#2 /var/www/aae-ensg/includes/Zend-1.12.3/Zend/Db/Adapter/Abstract.php(480): Zend_Db_Statement->execute(Array)
#3 /var/www/aae-ensg/includes/Zend-1.12.3/Zend/Db/Adapter/Pdo/Abstract.php(238): Zend_Db_Adapter_Abstract->query(Object(Zend_Db_Select), Array)
#4 /var/www/aae-ensg/includes/Zend-1.12.3/Zend/Db/Select.php(686): Zend_Db_Adapter_Pdo_Abstract->query(Object(Zend_Db_Select))
#5 /var/www/aae-ensg/plugins/galette-plugin-aae/lib/GaletteAAE/Offres.php(26): Zend_Db_Select->query(2)
#6 /var/www/aae-ensg/plugins/galette-plugin-aae/offres.php(22): Galette\AAE\Offres->getAllOffres()
#7 {main}

Next exception 'Zend_Db_Statement_Exception' with message 'SQLSTATE[42S02]: Base table or view not found: 1146 Table 'aaeensgeoqtest.galette_aae_offres' doesn't exist' in /var/www/aae-ensg/includes/Zend-1.12.3/Zend/Db/Statement/Pdo.php:234
Stack trace:
#0 /var/www/aae-ensg/includes/Zend-1.12.3/Zend/Db/Statement.php(303): Zend_Db_Statement_Pdo->_execute(Array)
#1 /var/www/aae-ensg/includes/Zend-1.12.3/Zend/Db/Adapter/Abstract.php(480): Zend_Db_Statement->execute(Array)
#2 /var/www/aae-ensg/includes/Zend-1.12.3/Zend/Db/Adapter/Pdo/Abstract.php(238): Zend_Db_Adapter_Abstract->query(Object(Zend_Db_Select), Array)
#3 /var/www/aae-ensg/includes/Zend-1.12.3/Zend/Db/Select.php(686): Zend_Db_Adapter_Pdo_Abstract->query(Object(Zend_Db_Select))
#4 /var/www/aae-ensg/plugins/galette-plugin-aae/lib/GaletteAAE/Offres.php(26): Zend_Db_Select->query(2)
#5 /var/www/aae-ensg/plugins/galette-plugin-aae/offres.php(22): Galette\AAE\Offres->getAllOffres()
#6 {main}
192.168.56.101 - 2014-10-26 17:46:52 - 4 - Unable to retrieve offres : "SQLSTATE[42S02]: Base table or view not found: 1146 Table 'aaeensgeoqtest.galette_aae_offres' doesn't exist
192.168.56.101 - 2014-10-26 17:46:52 - 3 - Query was: SELECT `galette_aae_offres`.* FROM `galette_aae_offres` WHERE (1) exception 'PDOException' with message 'SQLSTATE[42S02]: Base table or view not found: 1146 Table 'aaeensgeoqtest.galette_aae_offres' doesn't exist' in /var/www/aae-ensg/includes/Zend-1.12.3/Zend/Db/Statement/Pdo.php:228
Stack trace:
#0 /var/www/aae-ensg/includes/Zend-1.12.3/Zend/Db/Statement/Pdo.php(228): PDOStatement->execute(Array)
#1 /var/www/aae-ensg/includes/Zend-1.12.3/Zend/Db/Statement.php(303): Zend_Db_Statement_Pdo->_execute(Array)
#2 /var/www/aae-ensg/includes/Zend-1.12.3/Zend/Db/Adapter/Abstract.php(480): Zend_Db_Statement->execute(Array)
#3 /var/www/aae-ensg/includes/Zend-1.12.3/Zend/Db/Adapter/Pdo/Abstract.php(238): Zend_Db_Adapter_Abstract->query(Object(Zend_Db_Select), Array)
#4 /var/www/aae-ensg/includes/Zend-1.12.3/Zend/Db/Select.php(686): Zend_Db_Adapter_Pdo_Abstract->query(Object(Zend_Db_Select))
#5 /var/www/aae-ensg/plugins/galette-plugin-aae/lib/GaletteAAE/Offres.php(26): Zend_Db_Select->query(2)
#6 /var/www/aae-ensg/plugins/galette-plugin-aae/offres.php(22): Galette\AAE\Offres->getAllOffres()
#7 {main}

Next exception 'Zend_Db_Statement_Exception' with message 'SQLSTATE[42S02]: Base table or view not found: 1146 Table 'aaeensgeoqtest.galette_aae_offres' doesn't exist' in /var/www/aae-ensg/includes/Zend-1.12.3/Zend/Db/Statement/Pdo.php:234
Stack trace:
#0 /var/www/aae-ensg/includes/Zend-1.12.3/Zend/Db/Statement.php(303): Zend_Db_Statement_Pdo->_execute(Array)
#1 /var/www/aae-ensg/includes/Zend-1.12.3/Zend/Db/Adapter/Abstract.php(480): Zend_Db_Statement->execute(Array)
#2 /var/www/aae-ensg/includes/Zend-1.12.3/Zend/Db/Adapter/Pdo/Abstract.php(238): Zend_Db_Adapter_Abstract->query(Object(Zend_Db_Select), Array)
#3 /var/www/aae-ensg/includes/Zend-1.12.3/Zend/Db/Select.php(686): Zend_Db_Adapter_Pdo_Abstract->query(Object(Zend_Db_Select))
#4 /var/www/aae-ensg/plugins/galette-plugin-aae/lib/GaletteAAE/Offres.php(26): Zend_Db_Select->query(2)
#5 /var/www/aae-ensg/plugins/galette-plugin-aae/offres.php(22): Galette\AAE\Offres->getAllOffres()
#6 {main}
192.168.56.101 - 2014-10-26 17:46:55 - 4 - Unable to retrieve offres : "SQLSTATE[42S02]: Base table or view not found: 1146 Table 'aaeensgeoqtest.galette_aae_offres' doesn't exist
192.168.56.101 - 2014-10-26 17:46:55 - 3 - Query was: SELECT `galette_aae_offres`.* FROM `galette_aae_offres` WHERE (1) exception 'PDOException' with message 'SQLSTATE[42S02]: Base table or view not found: 1146 Table 'aaeensgeoqtest.galette_aae_offres' doesn't exist' in /var/www/aae-ensg/includes/Zend-1.12.3/Zend/Db/Statement/Pdo.php:228
Stack trace:
#0 /var/www/aae-ensg/includes/Zend-1.12.3/Zend/Db/Statement/Pdo.php(228): PDOStatement->execute(Array)
#1 /var/www/aae-ensg/includes/Zend-1.12.3/Zend/Db/Statement.php(303): Zend_Db_Statement_Pdo->_execute(Array)
#2 /var/www/aae-ensg/includes/Zend-1.12.3/Zend/Db/Adapter/Abstract.php(480): Zend_Db_Statement->execute(Array)
#3 /var/www/aae-ensg/includes/Zend-1.12.3/Zend/Db/Adapter/Pdo/Abstract.php(238): Zend_Db_Adapter_Abstract->query(Object(Zend_Db_Select), Array)
#4 /var/www/aae-ensg/includes/Zend-1.12.3/Zend/Db/Select.php(686): Zend_Db_Adapter_Pdo_Abstract->query(Object(Zend_Db_Select))
#5 /var/www/aae-ensg/plugins/galette-plugin-aae/lib/GaletteAAE/Offres.php(26): Zend_Db_Select->query(2)
#6 /var/www/aae-ensg/plugins/galette-plugin-aae/offres.php(22): Galette\AAE\Offres->getAllOffres()
#7 {main}

Next exception 'Zend_Db_Statement_Exception' with message 'SQLSTATE[42S02]: Base table or view not found: 1146 Table 'aaeensgeoqtest.galette_aae_offres' doesn't exist' in /var/www/aae-ensg/includes/Zend-1.12.3/Zend/Db/Statement/Pdo.php:234
Stack trace:
#0 /var/www/aae-ensg/includes/Zend-1.12.3/Zend/Db/Statement.php(303): Zend_Db_Statement_Pdo->_execute(Array)
#1 /var/www/aae-ensg/includes/Zend-1.12.3/Zend/Db/Adapter/Abstract.php(480): Zend_Db_Statement->execute(Array)
#2 /var/www/aae-ensg/includes/Zend-1.12.3/Zend/Db/Adapter/Pdo/Abstract.php(238): Zend_Db_Adapter_Abstract->query(Object(Zend_Db_Select), Array)
#3 /var/www/aae-ensg/includes/Zend-1.12.3/Zend/Db/Select.php(686): Zend_Db_Adapter_Pdo_Abstract->query(Object(Zend_Db_Select))
#4 /var/www/aae-ensg/plugins/galette-plugin-aae/lib/GaletteAAE/Offres.php(26): Zend_Db_Select->query(2)
#5 /var/www/aae-ensg/plugins/galette-plugin-aae/offres.php(22): Galette\AAE\Offres->getAllOffres()
#6 {main}
192.168.56.101 - 2014-10-26 17:46:56 - 4 - Unable to retrieve offres : "SQLSTATE[42S02]: Base table or view not found: 1146 Table 'aaeensgeoqtest.galette_aae_offres' doesn't exist
192.168.56.101 - 2014-10-26 17:46:56 - 3 - Query was: SELECT `galette_aae_offres`.* FROM `galette_aae_offres` WHERE (1) exception 'PDOException' with message 'SQLSTATE[42S02]: Base table or view not found: 1146 Table 'aaeensgeoqtest.galette_aae_offres' doesn't exist' in /var/www/aae-ensg/includes/Zend-1.12.3/Zend/Db/Statement/Pdo.php:228
Stack trace:
#0 /var/www/aae-ensg/includes/Zend-1.12.3/Zend/Db/Statement/Pdo.php(228): PDOStatement->execute(Array)
#1 /var/www/aae-ensg/includes/Zend-1.12.3/Zend/Db/Statement.php(303): Zend_Db_Statement_Pdo->_execute(Array)
#2 /var/www/aae-ensg/includes/Zend-1.12.3/Zend/Db/Adapter/Abstract.php(480): Zend_Db_Statement->execute(Array)
#3 /var/www/aae-ensg/includes/Zend-1.12.3/Zend/Db/Adapter/Pdo/Abstract.php(238): Zend_Db_Adapter_Abstract->query(Object(Zend_Db_Select), Array)
#4 /var/www/aae-ensg/includes/Zend-1.12.3/Zend/Db/Select.php(686): Zend_Db_Adapter_Pdo_Abstract->query(Object(Zend_Db_Select))
#5 /var/www/aae-ensg/plugins/galette-plugin-aae/lib/GaletteAAE/Offres.php(26): Zend_Db_Select->query(2)
#6 /var/www/aae-ensg/plugins/galette-plugin-aae/offres.php(22): Galette\AAE\Offres->getAllOffres()
#7 {main}

Next exception 'Zend_Db_Statement_Exception' with message 'SQLSTATE[42S02]: Base table or view not found: 1146 Table 'aaeensgeoqtest.galette_aae_offres' doesn't exist' in /var/www/aae-ensg/includes/Zend-1.12.3/Zend/Db/Statement/Pdo.php:234
Stack trace:
#0 /var/www/aae-ensg/includes/Zend-1.12.3/Zend/Db/Statement.php(303): Zend_Db_Statement_Pdo->_execute(Array)
#1 /var/www/aae-ensg/includes/Zend-1.12.3/Zend/Db/Adapter/Abstract.php(480): Zend_Db_Statement->execute(Array)
#2 /var/www/aae-ensg/includes/Zend-1.12.3/Zend/Db/Adapter/Pdo/Abstract.php(238): Zend_Db_Adapter_Abstract->query(Object(Zend_Db_Select), Array)
#3 /var/www/aae-ensg/includes/Zend-1.12.3/Zend/Db/Select.php(686): Zend_Db_Adapter_Pdo_Abstract->query(Object(Zend_Db_Select))
#4 /var/www/aae-ensg/plugins/galette-plugin-aae/lib/GaletteAAE/Offres.php(26): Zend_Db_Select->query(2)
#5 /var/www/aae-ensg/plugins/galette-plugin-aae/offres.php(22): Galette\AAE\Offres->getAllOffres()
#6 {main}
192.168.56.101 - 2014-10-26 17:46:57 - 4 - Unable to retrieve offres : "SQLSTATE[42S02]: Base table or view not found: 1146 Table 'aaeensgeoqtest.galette_aae_offres' doesn't exist
192.168.56.101 - 2014-10-26 17:46:57 - 3 - Query was: SELECT `galette_aae_offres`.* FROM `galette_aae_offres` WHERE (1) exception 'PDOException' with message 'SQLSTATE[42S02]: Base table or view not found: 1146 Table 'aaeensgeoqtest.galette_aae_offres' doesn't exist' in /var/www/aae-ensg/includes/Zend-1.12.3/Zend/Db/Statement/Pdo.php:228
Stack trace:
#0 /var/www/aae-ensg/includes/Zend-1.12.3/Zend/Db/Statement/Pdo.php(228): PDOStatement->execute(Array)
#1 /var/www/aae-ensg/includes/Zend-1.12.3/Zend/Db/Statement.php(303): Zend_Db_Statement_Pdo->_execute(Array)
#2 /var/www/aae-ensg/includes/Zend-1.12.3/Zend/Db/Adapter/Abstract.php(480): Zend_Db_Statement->execute(Array)
#3 /var/www/aae-ensg/includes/Zend-1.12.3/Zend/Db/Adapter/Pdo/Abstract.php(238): Zend_Db_Adapter_Abstract->query(Object(Zend_Db_Select), Array)
#4 /var/www/aae-ensg/includes/Zend-1.12.3/Zend/Db/Select.php(686): Zend_Db_Adapter_Pdo_Abstract->query(Object(Zend_Db_Select))
#5 /var/www/aae-ensg/plugins/galette-plugin-aae/lib/GaletteAAE/Offres.php(26): Zend_Db_Select->query(2)
#6 /var/www/aae-ensg/plugins/galette-plugin-aae/offres.php(22): Galette\AAE\Offres->getAllOffres()
#7 {main}

Next exception 'Zend_Db_Statement_Exception' with message 'SQLSTATE[42S02]: Base table or view not found: 1146 Table 'aaeensgeoqtest.galette_aae_offres' doesn't exist' in /var/www/aae-ensg/includes/Zend-1.12.3/Zend/Db/Statement/Pdo.php:234
Stack trace:
#0 /var/www/aae-ensg/includes/Zend-1.12.3/Zend/Db/Statement.php(303): Zend_Db_Statement_Pdo->_execute(Array)
#1 /var/www/aae-ensg/includes/Zend-1.12.3/Zend/Db/Adapter/Abstract.php(480): Zend_Db_Statement->execute(Array)
#2 /var/www/aae-ensg/includes/Zend-1.12.3/Zend/Db/Adapter/Pdo/Abstract.php(238): Zend_Db_Adapter_Abstract->query(Object(Zend_Db_Select), Array)
#3 /var/www/aae-ensg/includes/Zend-1.12.3/Zend/Db/Select.php(686): Zend_Db_Adapter_Pdo_Abstract->query(Object(Zend_Db_Select))
#4 /var/www/aae-ensg/plugins/galette-plugin-aae/lib/GaletteAAE/Offres.php(26): Zend_Db_Select->query(2)
#5 /var/www/aae-ensg/plugins/galette-plugin-aae/offres.php(22): Galette\AAE\Offres->getAllOffres()
#6 {main}
192.168.56.101 - 2014-10-26 17:47:32 - 4 - Unable to retrieve offres : "SQLSTATE[42S02]: Base table or view not found: 1146 Table 'aaeensgeoqtest.galette_aae_offres' doesn't exist
192.168.56.101 - 2014-10-26 17:47:32 - 3 - Query was: SELECT `galette_aae_offres`.* FROM `galette_aae_offres` WHERE (1) exception 'PDOException' with message 'SQLSTATE[42S02]: Base table or view not found: 1146 Table 'aaeensgeoqtest.galette_aae_offres' doesn't exist' in /var/www/aae-ensg/includes/Zend-1.12.3/Zend/Db/Statement/Pdo.php:228
Stack trace:
#0 /var/www/aae-ensg/includes/Zend-1.12.3/Zend/Db/Statement/Pdo.php(228): PDOStatement->execute(Array)
#1 /var/www/aae-ensg/includes/Zend-1.12.3/Zend/Db/Statement.php(303): Zend_Db_Statement_Pdo->_execute(Array)
#2 /var/www/aae-ensg/includes/Zend-1.12.3/Zend/Db/Adapter/Abstract.php(480): Zend_Db_Statement->execute(Array)
#3 /var/www/aae-ensg/includes/Zend-1.12.3/Zend/Db/Adapter/Pdo/Abstract.php(238): Zend_Db_Adapter_Abstract->query(Object(Zend_Db_Select), Array)
#4 /var/www/aae-ensg/includes/Zend-1.12.3/Zend/Db/Select.php(686): Zend_Db_Adapter_Pdo_Abstract->query(Object(Zend_Db_Select))
#5 /var/www/aae-ensg/plugins/galette-plugin-aae/lib/GaletteAAE/Offres.php(26): Zend_Db_Select->query(2)
#6 /var/www/aae-ensg/plugins/galette-plugin-aae/offres.php(22): Galette\AAE\Offres->getAllOffres()
#7 {main}

Next exception 'Zend_Db_Statement_Exception' with message 'SQLSTATE[42S02]: Base table or view not found: 1146 Table 'aaeensgeoqtest.galette_aae_offres' doesn't exist' in /var/www/aae-ensg/includes/Zend-1.12.3/Zend/Db/Statement/Pdo.php:234
Stack trace:
#0 /var/www/aae-ensg/includes/Zend-1.12.3/Zend/Db/Statement.php(303): Zend_Db_Statement_Pdo->_execute(Array)
#1 /var/www/aae-ensg/includes/Zend-1.12.3/Zend/Db/Adapter/Abstract.php(480): Zend_Db_Statement->execute(Array)
#2 /var/www/aae-ensg/includes/Zend-1.12.3/Zend/Db/Adapter/Pdo/Abstract.php(238): Zend_Db_Adapter_Abstract->query(Object(Zend_Db_Select), Array)
#3 /var/www/aae-ensg/includes/Zend-1.12.3/Zend/Db/Select.php(686): Zend_Db_Adapter_Pdo_Abstract->query(Object(Zend_Db_Select))
#4 /var/www/aae-ensg/plugins/galette-plugin-aae/lib/GaletteAAE/Offres.php(26): Zend_Db_Select->query(2)
#5 /var/www/aae-ensg/plugins/galette-plugin-aae/offres.php(22): Galette\AAE\Offres->getAllOffres()
#6 {main}
192.168.56.101 - 2014-10-26 17:47:34 - 4 - Unable to retrieve offres : "SQLSTATE[42S02]: Base table or view not found: 1146 Table 'aaeensgeoqtest.galette_aae_offres' doesn't exist
192.168.56.101 - 2014-10-26 17:47:34 - 3 - Query was: SELECT `galette_aae_offres`.* FROM `galette_aae_offres` WHERE (1) exception 'PDOException' with message 'SQLSTATE[42S02]: Base table or view not found: 1146 Table 'aaeensgeoqtest.galette_aae_offres' doesn't exist' in /var/www/aae-ensg/includes/Zend-1.12.3/Zend/Db/Statement/Pdo.php:228
Stack trace:
#0 /var/www/aae-ensg/includes/Zend-1.12.3/Zend/Db/Statement/Pdo.php(228): PDOStatement->execute(Array)
#1 /var/www/aae-ensg/includes/Zend-1.12.3/Zend/Db/Statement.php(303): Zend_Db_Statement_Pdo->_execute(Array)
#2 /var/www/aae-ensg/includes/Zend-1.12.3/Zend/Db/Adapter/Abstract.php(480): Zend_Db_Statement->execute(Array)
#3 /var/www/aae-ensg/includes/Zend-1.12.3/Zend/Db/Adapter/Pdo/Abstract.php(238): Zend_Db_Adapter_Abstract->query(Object(Zend_Db_Select), Array)
#4 /var/www/aae-ensg/includes/Zend-1.12.3/Zend/Db/Select.php(686): Zend_Db_Adapter_Pdo_Abstract->query(Object(Zend_Db_Select))
#5 /var/www/aae-ensg/plugins/galette-plugin-aae/lib/GaletteAAE/Offres.php(26): Zend_Db_Select->query(2)
#6 /var/www/aae-ensg/plugins/galette-plugin-aae/offres.php(22): Galette\AAE\Offres->getAllOffres()
#7 {main}

Next exception 'Zend_Db_Statement_Exception' with message 'SQLSTATE[42S02]: Base table or view not found: 1146 Table 'aaeensgeoqtest.galette_aae_offres' doesn't exist' in /var/www/aae-ensg/includes/Zend-1.12.3/Zend/Db/Statement/Pdo.php:234
Stack trace:
#0 /var/www/aae-ensg/includes/Zend-1.12.3/Zend/Db/Statement.php(303): Zend_Db_Statement_Pdo->_execute(Array)
#1 /var/www/aae-ensg/includes/Zend-1.12.3/Zend/Db/Adapter/Abstract.php(480): Zend_Db_Statement->execute(Array)
#2 /var/www/aae-ensg/includes/Zend-1.12.3/Zend/Db/Adapter/Pdo/Abstract.php(238): Zend_Db_Adapter_Abstract->query(Object(Zend_Db_Select), Array)
#3 /var/www/aae-ensg/includes/Zend-1.12.3/Zend/Db/Select.php(686): Zend_Db_Adapter_Pdo_Abstract->query(Object(Zend_Db_Select))
#4 /var/www/aae-ensg/plugins/galette-plugin-aae/lib/GaletteAAE/Offres.php(26): Zend_Db_Select->query(2)
#5 /var/www/aae-ensg/plugins/galette-plugin-aae/offres.php(22): Galette\AAE\Offres->getAllOffres()
#6 {main}
192.168.56.101 - 2014-10-26 17:47:35 - 4 - Unable to retrieve offres : "SQLSTATE[42S02]: Base table or view not found: 1146 Table 'aaeensgeoqtest.galette_aae_offres' doesn't exist
192.168.56.101 - 2014-10-26 17:47:35 - 3 - Query was: SELECT `galette_aae_offres`.* FROM `galette_aae_offres` WHERE (1) exception 'PDOException' with message 'SQLSTATE[42S02]: Base table or view not found: 1146 Table 'aaeensgeoqtest.galette_aae_offres' doesn't exist' in /var/www/aae-ensg/includes/Zend-1.12.3/Zend/Db/Statement/Pdo.php:228
Stack trace:
#0 /var/www/aae-ensg/includes/Zend-1.12.3/Zend/Db/Statement/Pdo.php(228): PDOStatement->execute(Array)
#1 /var/www/aae-ensg/includes/Zend-1.12.3/Zend/Db/Statement.php(303): Zend_Db_Statement_Pdo->_execute(Array)
#2 /var/www/aae-ensg/includes/Zend-1.12.3/Zend/Db/Adapter/Abstract.php(480): Zend_Db_Statement->execute(Array)
#3 /var/www/aae-ensg/includes/Zend-1.12.3/Zend/Db/Adapter/Pdo/Abstract.php(238): Zend_Db_Adapter_Abstract->query(Object(Zend_Db_Select), Array)
#4 /var/www/aae-ensg/includes/Zend-1.12.3/Zend/Db/Select.php(686): Zend_Db_Adapter_Pdo_Abstract->query(Object(Zend_Db_Select))
#5 /var/www/aae-ensg/plugins/galette-plugin-aae/lib/GaletteAAE/Offres.php(26): Zend_Db_Select->query(2)
#6 /var/www/aae-ensg/plugins/galette-plugin-aae/offres.php(22): Galette\AAE\Offres->getAllOffres()
#7 {main}

Next exception 'Zend_Db_Statement_Exception' with message 'SQLSTATE[42S02]: Base table or view not found: 1146 Table 'aaeensgeoqtest.galette_aae_offres' doesn't exist' in /var/www/aae-ensg/includes/Zend-1.12.3/Zend/Db/Statement/Pdo.php:234
Stack trace:
#0 /var/www/aae-ensg/includes/Zend-1.12.3/Zend/Db/Statement.php(303): Zend_Db_Statement_Pdo->_execute(Array)
#1 /var/www/aae-ensg/includes/Zend-1.12.3/Zend/Db/Adapter/Abstract.php(480): Zend_Db_Statement->execute(Array)
#2 /var/www/aae-ensg/includes/Zend-1.12.3/Zend/Db/Adapter/Pdo/Abstract.php(238): Zend_Db_Adapter_Abstract->query(Object(Zend_Db_Select), Array)
#3 /var/www/aae-ensg/includes/Zend-1.12.3/Zend/Db/Select.php(686): Zend_Db_Adapter_Pdo_Abstract->query(Object(Zend_Db_Select))
#4 /var/www/aae-ensg/plugins/galette-plugin-aae/lib/GaletteAAE/Offres.php(26): Zend_Db_Select->query(2)
#5 /var/www/aae-ensg/plugins/galette-plugin-aae/offres.php(22): Galette\AAE\Offres->getAllOffres()
#6 {main}
192.168.56.101 - 2014-10-26 17:51:39 - 4 - Unable to retrieve offres : "SQLSTATE[42S02]: Base table or view not found: 1146 Table 'aaeensgeoqtest.galette_aae_offres' doesn't exist
192.168.56.101 - 2014-10-26 17:51:39 - 3 - Query was: SELECT `galette_aae_offres`.* FROM `galette_aae_offres` WHERE (1) exception 'PDOException' with message 'SQLSTATE[42S02]: Base table or view not found: 1146 Table 'aaeensgeoqtest.galette_aae_offres' doesn't exist' in /var/www/aae-ensg/includes/Zend-1.12.3/Zend/Db/Statement/Pdo.php:228
Stack trace:
#0 /var/www/aae-ensg/includes/Zend-1.12.3/Zend/Db/Statement/Pdo.php(228): PDOStatement->execute(Array)
#1 /var/www/aae-ensg/includes/Zend-1.12.3/Zend/Db/Statement.php(303): Zend_Db_Statement_Pdo->_execute(Array)
#2 /var/www/aae-ensg/includes/Zend-1.12.3/Zend/Db/Adapter/Abstract.php(480): Zend_Db_Statement->execute(Array)
#3 /var/www/aae-ensg/includes/Zend-1.12.3/Zend/Db/Adapter/Pdo/Abstract.php(238): Zend_Db_Adapter_Abstract->query(Object(Zend_Db_Select), Array)
#4 /var/www/aae-ensg/includes/Zend-1.12.3/Zend/Db/Select.php(686): Zend_Db_Adapter_Pdo_Abstract->query(Object(Zend_Db_Select))
#5 /var/www/aae-ensg/plugins/galette-plugin-aae/lib/GaletteAAE/Offres.php(26): Zend_Db_Select->query(2)
#6 /var/www/aae-ensg/plugins/galette-plugin-aae/offres.php(22): Galette\AAE\Offres->getAllOffres()
#7 {main}

Next exception 'Zend_Db_Statement_Exception' with message 'SQLSTATE[42S02]: Base table or view not found: 1146 Table 'aaeensgeoqtest.galette_aae_offres' doesn't exist' in /var/www/aae-ensg/includes/Zend-1.12.3/Zend/Db/Statement/Pdo.php:234
Stack trace:
#0 /var/www/aae-ensg/includes/Zend-1.12.3/Zend/Db/Statement.php(303): Zend_Db_Statement_Pdo->_execute(Array)
#1 /var/www/aae-ensg/includes/Zend-1.12.3/Zend/Db/Adapter/Abstract.php(480): Zend_Db_Statement->execute(Array)
#2 /var/www/aae-ensg/includes/Zend-1.12.3/Zend/Db/Adapter/Pdo/Abstract.php(238): Zend_Db_Adapter_Abstract->query(Object(Zend_Db_Select), Array)
#3 /var/www/aae-ensg/includes/Zend-1.12.3/Zend/Db/Select.php(686): Zend_Db_Adapter_Pdo_Abstract->query(Object(Zend_Db_Select))
#4 /var/www/aae-ensg/plugins/galette-plugin-aae/lib/GaletteAAE/Offres.php(26): Zend_Db_Select->query(2)
#5 /var/www/aae-ensg/plugins/galette-plugin-aae/offres.php(22): Galette\AAE\Offres->getAllOffres()
#6 {main}
192.168.56.101 - 2014-10-26 17:51:40 - 4 - Unable to retrieve offres : "SQLSTATE[42S02]: Base table or view not found: 1146 Table 'aaeensgeoqtest.galette_aae_offres' doesn't exist
192.168.56.101 - 2014-10-26 17:51:40 - 3 - Query was: SELECT `galette_aae_offres`.* FROM `galette_aae_offres` WHERE (1) exception 'PDOException' with message 'SQLSTATE[42S02]: Base table or view not found: 1146 Table 'aaeensgeoqtest.galette_aae_offres' doesn't exist' in /var/www/aae-ensg/includes/Zend-1.12.3/Zend/Db/Statement/Pdo.php:228
Stack trace:
#0 /var/www/aae-ensg/includes/Zend-1.12.3/Zend/Db/Statement/Pdo.php(228): PDOStatement->execute(Array)
#1 /var/www/aae-ensg/includes/Zend-1.12.3/Zend/Db/Statement.php(303): Zend_Db_Statement_Pdo->_execute(Array)
#2 /var/www/aae-ensg/includes/Zend-1.12.3/Zend/Db/Adapter/Abstract.php(480): Zend_Db_Statement->execute(Array)
#3 /var/www/aae-ensg/includes/Zend-1.12.3/Zend/Db/Adapter/Pdo/Abstract.php(238): Zend_Db_Adapter_Abstract->query(Object(Zend_Db_Select), Array)
#4 /var/www/aae-ensg/includes/Zend-1.12.3/Zend/Db/Select.php(686): Zend_Db_Adapter_Pdo_Abstract->query(Object(Zend_Db_Select))
#5 /var/www/aae-ensg/plugins/galette-plugin-aae/lib/GaletteAAE/Offres.php(26): Zend_Db_Select->query(2)
#6 /var/www/aae-ensg/plugins/galette-plugin-aae/offres.php(22): Galette\AAE\Offres->getAllOffres()
#7 {main}

Next exception 'Zend_Db_Statement_Exception' with message 'SQLSTATE[42S02]: Base table or view not found: 1146 Table 'aaeensgeoqtest.galette_aae_offres' doesn't exist' in /var/www/aae-ensg/includes/Zend-1.12.3/Zend/Db/Statement/Pdo.php:234
Stack trace:
#0 /var/www/aae-ensg/includes/Zend-1.12.3/Zend/Db/Statement.php(303): Zend_Db_Statement_Pdo->_execute(Array)
#1 /var/www/aae-ensg/includes/Zend-1.12.3/Zend/Db/Adapter/Abstract.php(480): Zend_Db_Statement->execute(Array)
#2 /var/www/aae-ensg/includes/Zend-1.12.3/Zend/Db/Adapter/Pdo/Abstract.php(238): Zend_Db_Adapter_Abstract->query(Object(Zend_Db_Select), Array)
#3 /var/www/aae-ensg/includes/Zend-1.12.3/Zend/Db/Select.php(686): Zend_Db_Adapter_Pdo_Abstract->query(Object(Zend_Db_Select))
#4 /var/www/aae-ensg/plugins/galette-plugin-aae/lib/GaletteAAE/Offres.php(26): Zend_Db_Select->query(2)
#5 /var/www/aae-ensg/plugins/galette-plugin-aae/offres.php(22): Galette\AAE\Offres->getAllOffres()
#6 {main}
192.168.56.101 - 2014-10-26 17:51:47 - 4 - Unable to retrieve offres : "SQLSTATE[42S02]: Base table or view not found: 1146 Table 'aaeensgeoqtest.galette_aae_offres' doesn't exist
192.168.56.101 - 2014-10-26 17:51:47 - 3 - Query was: SELECT `galette_aae_offres`.* FROM `galette_aae_offres` WHERE (1) exception 'PDOException' with message 'SQLSTATE[42S02]: Base table or view not found: 1146 Table 'aaeensgeoqtest.galette_aae_offres' doesn't exist' in /var/www/aae-ensg/includes/Zend-1.12.3/Zend/Db/Statement/Pdo.php:228
Stack trace:
#0 /var/www/aae-ensg/includes/Zend-1.12.3/Zend/Db/Statement/Pdo.php(228): PDOStatement->execute(Array)
#1 /var/www/aae-ensg/includes/Zend-1.12.3/Zend/Db/Statement.php(303): Zend_Db_Statement_Pdo->_execute(Array)
#2 /var/www/aae-ensg/includes/Zend-1.12.3/Zend/Db/Adapter/Abstract.php(480): Zend_Db_Statement->execute(Array)
#3 /var/www/aae-ensg/includes/Zend-1.12.3/Zend/Db/Adapter/Pdo/Abstract.php(238): Zend_Db_Adapter_Abstract->query(Object(Zend_Db_Select), Array)
#4 /var/www/aae-ensg/includes/Zend-1.12.3/Zend/Db/Select.php(686): Zend_Db_Adapter_Pdo_Abstract->query(Object(Zend_Db_Select))
#5 /var/www/aae-ensg/plugins/galette-plugin-aae/lib/GaletteAAE/Offres.php(26): Zend_Db_Select->query(2)
#6 /var/www/aae-ensg/plugins/galette-plugin-aae/offres.php(22): Galette\AAE\Offres->getAllOffres()
#7 {main}

Next exception 'Zend_Db_Statement_Exception' with message 'SQLSTATE[42S02]: Base table or view not found: 1146 Table 'aaeensgeoqtest.galette_aae_offres' doesn't exist' in /var/www/aae-ensg/includes/Zend-1.12.3/Zend/Db/Statement/Pdo.php:234
Stack trace:
#0 /var/www/aae-ensg/includes/Zend-1.12.3/Zend/Db/Statement.php(303): Zend_Db_Statement_Pdo->_execute(Array)
#1 /var/www/aae-ensg/includes/Zend-1.12.3/Zend/Db/Adapter/Abstract.php(480): Zend_Db_Statement->execute(Array)
#2 /var/www/aae-ensg/includes/Zend-1.12.3/Zend/Db/Adapter/Pdo/Abstract.php(238): Zend_Db_Adapter_Abstract->query(Object(Zend_Db_Select), Array)
#3 /var/www/aae-ensg/includes/Zend-1.12.3/Zend/Db/Select.php(686): Zend_Db_Adapter_Pdo_Abstract->query(Object(Zend_Db_Select))
#4 /var/www/aae-ensg/plugins/galette-plugin-aae/lib/GaletteAAE/Offres.php(26): Zend_Db_Select->query(2)
#5 /var/www/aae-ensg/plugins/galette-plugin-aae/offres.php(22): Galette\AAE\Offres->getAllOffres()
#6 {main}
192.168.56.101 - 2014-10-26 17:51:48 - 4 - Unable to retrieve offres : "SQLSTATE[42S02]: Base table or view not found: 1146 Table 'aaeensgeoqtest.galette_aae_offres' doesn't exist
192.168.56.101 - 2014-10-26 17:51:48 - 3 - Query was: SELECT `galette_aae_offres`.* FROM `galette_aae_offres` WHERE (1) exception 'PDOException' with message 'SQLSTATE[42S02]: Base table or view not found: 1146 Table 'aaeensgeoqtest.galette_aae_offres' doesn't exist' in /var/www/aae-ensg/includes/Zend-1.12.3/Zend/Db/Statement/Pdo.php:228
Stack trace:
#0 /var/www/aae-ensg/includes/Zend-1.12.3/Zend/Db/Statement/Pdo.php(228): PDOStatement->execute(Array)
#1 /var/www/aae-ensg/includes/Zend-1.12.3/Zend/Db/Statement.php(303): Zend_Db_Statement_Pdo->_execute(Array)
#2 /var/www/aae-ensg/includes/Zend-1.12.3/Zend/Db/Adapter/Abstract.php(480): Zend_Db_Statement->execute(Array)
#3 /var/www/aae-ensg/includes/Zend-1.12.3/Zend/Db/Adapter/Pdo/Abstract.php(238): Zend_Db_Adapter_Abstract->query(Object(Zend_Db_Select), Array)
#4 /var/www/aae-ensg/includes/Zend-1.12.3/Zend/Db/Select.php(686): Zend_Db_Adapter_Pdo_Abstract->query(Object(Zend_Db_Select))
#5 /var/www/aae-ensg/plugins/galette-plugin-aae/lib/GaletteAAE/Offres.php(26): Zend_Db_Select->query(2)
#6 /var/www/aae-ensg/plugins/galette-plugin-aae/offres.php(22): Galette\AAE\Offres->getAllOffres()
#7 {main}

Next exception 'Zend_Db_Statement_Exception' with message 'SQLSTATE[42S02]: Base table or view not found: 1146 Table 'aaeensgeoqtest.galette_aae_offres' doesn't exist' in /var/www/aae-ensg/includes/Zend-1.12.3/Zend/Db/Statement/Pdo.php:234
Stack trace:
#0 /var/www/aae-ensg/includes/Zend-1.12.3/Zend/Db/Statement.php(303): Zend_Db_Statement_Pdo->_execute(Array)
#1 /var/www/aae-ensg/includes/Zend-1.12.3/Zend/Db/Adapter/Abstract.php(480): Zend_Db_Statement->execute(Array)
#2 /var/www/aae-ensg/includes/Zend-1.12.3/Zend/Db/Adapter/Pdo/Abstract.php(238): Zend_Db_Adapter_Abstract->query(Object(Zend_Db_Select), Array)
#3 /var/www/aae-ensg/includes/Zend-1.12.3/Zend/Db/Select.php(686): Zend_Db_Adapter_Pdo_Abstract->query(Object(Zend_Db_Select))
#4 /var/www/aae-ensg/plugins/galette-plugin-aae/lib/GaletteAAE/Offres.php(26): Zend_Db_Select->query(2)
#5 /var/www/aae-ensg/plugins/galette-plugin-aae/offres.php(22): Galette\AAE\Offres->getAllOffres()
#6 {main}
192.168.56.101 - 2014-10-26 17:52:23 - 4 - Unable to retrieve offres : "SQLSTATE[42S02]: Base table or view not found: 1146 Table 'aaeensgeoqtest.galette_aae_offres' doesn't exist
192.168.56.101 - 2014-10-26 17:52:23 - 3 - Query was: SELECT `galette_aae_offres`.* FROM `galette_aae_offres` WHERE (1) exception 'PDOException' with message 'SQLSTATE[42S02]: Base table or view not found: 1146 Table 'aaeensgeoqtest.galette_aae_offres' doesn't exist' in /var/www/aae-ensg/includes/Zend-1.12.3/Zend/Db/Statement/Pdo.php:228
Stack trace:
#0 /var/www/aae-ensg/includes/Zend-1.12.3/Zend/Db/Statement/Pdo.php(228): PDOStatement->execute(Array)
#1 /var/www/aae-ensg/includes/Zend-1.12.3/Zend/Db/Statement.php(303): Zend_Db_Statement_Pdo->_execute(Array)
#2 /var/www/aae-ensg/includes/Zend-1.12.3/Zend/Db/Adapter/Abstract.php(480): Zend_Db_Statement->execute(Array)
#3 /var/www/aae-ensg/includes/Zend-1.12.3/Zend/Db/Adapter/Pdo/Abstract.php(238): Zend_Db_Adapter_Abstract->query(Object(Zend_Db_Select), Array)
#4 /var/www/aae-ensg/includes/Zend-1.12.3/Zend/Db/Select.php(686): Zend_Db_Adapter_Pdo_Abstract->query(Object(Zend_Db_Select))
#5 /var/www/aae-ensg/plugins/galette-plugin-aae/lib/GaletteAAE/Offres.php(26): Zend_Db_Select->query(2)
#6 /var/www/aae-ensg/plugins/galette-plugin-aae/offres.php(22): Galette\AAE\Offres->getAllOffres()
#7 {main}

Next exception 'Zend_Db_Statement_Exception' with message 'SQLSTATE[42S02]: Base table or view not found: 1146 Table 'aaeensgeoqtest.galette_aae_offres' doesn't exist' in /var/www/aae-ensg/includes/Zend-1.12.3/Zend/Db/Statement/Pdo.php:234
Stack trace:
#0 /var/www/aae-ensg/includes/Zend-1.12.3/Zend/Db/Statement.php(303): Zend_Db_Statement_Pdo->_execute(Array)
#1 /var/www/aae-ensg/includes/Zend-1.12.3/Zend/Db/Adapter/Abstract.php(480): Zend_Db_Statement->execute(Array)
#2 /var/www/aae-ensg/includes/Zend-1.12.3/Zend/Db/Adapter/Pdo/Abstract.php(238): Zend_Db_Adapter_Abstract->query(Object(Zend_Db_Select), Array)
#3 /var/www/aae-ensg/includes/Zend-1.12.3/Zend/Db/Select.php(686): Zend_Db_Adapter_Pdo_Abstract->query(Object(Zend_Db_Select))
#4 /var/www/aae-ensg/plugins/galette-plugin-aae/lib/GaletteAAE/Offres.php(26): Zend_Db_Select->query(2)
#5 /var/www/aae-ensg/plugins/galette-plugin-aae/offres.php(22): Galette\AAE\Offres->getAllOffres()
#6 {main}
192.168.56.101 - 2014-10-26 17:52:24 - 4 - Unable to retrieve offres : "SQLSTATE[42S02]: Base table or view not found: 1146 Table 'aaeensgeoqtest.galette_aae_offres' doesn't exist
192.168.56.101 - 2014-10-26 17:52:24 - 3 - Query was: SELECT `galette_aae_offres`.* FROM `galette_aae_offres` WHERE (1) exception 'PDOException' with message 'SQLSTATE[42S02]: Base table or view not found: 1146 Table 'aaeensgeoqtest.galette_aae_offres' doesn't exist' in /var/www/aae-ensg/includes/Zend-1.12.3/Zend/Db/Statement/Pdo.php:228
Stack trace:
#0 /var/www/aae-ensg/includes/Zend-1.12.3/Zend/Db/Statement/Pdo.php(228): PDOStatement->execute(Array)
#1 /var/www/aae-ensg/includes/Zend-1.12.3/Zend/Db/Statement.php(303): Zend_Db_Statement_Pdo->_execute(Array)
#2 /var/www/aae-ensg/includes/Zend-1.12.3/Zend/Db/Adapter/Abstract.php(480): Zend_Db_Statement->execute(Array)
#3 /var/www/aae-ensg/includes/Zend-1.12.3/Zend/Db/Adapter/Pdo/Abstract.php(238): Zend_Db_Adapter_Abstract->query(Object(Zend_Db_Select), Array)
#4 /var/www/aae-ensg/includes/Zend-1.12.3/Zend/Db/Select.php(686): Zend_Db_Adapter_Pdo_Abstract->query(Object(Zend_Db_Select))
#5 /var/www/aae-ensg/plugins/galette-plugin-aae/lib/GaletteAAE/Offres.php(26): Zend_Db_Select->query(2)
#6 /var/www/aae-ensg/plugins/galette-plugin-aae/offres.php(22): Galette\AAE\Offres->getAllOffres()
#7 {main}

Next exception 'Zend_Db_Statement_Exception' with message 'SQLSTATE[42S02]: Base table or view not found: 1146 Table 'aaeensgeoqtest.galette_aae_offres' doesn't exist' in /var/www/aae-ensg/includes/Zend-1.12.3/Zend/Db/Statement/Pdo.php:234
Stack trace:
#0 /var/www/aae-ensg/includes/Zend-1.12.3/Zend/Db/Statement.php(303): Zend_Db_Statement_Pdo->_execute(Array)
#1 /var/www/aae-ensg/includes/Zend-1.12.3/Zend/Db/Adapter/Abstract.php(480): Zend_Db_Statement->execute(Array)
#2 /var/www/aae-ensg/includes/Zend-1.12.3/Zend/Db/Adapter/Pdo/Abstract.php(238): Zend_Db_Adapter_Abstract->query(Object(Zend_Db_Select), Array)
#3 /var/www/aae-ensg/includes/Zend-1.12.3/Zend/Db/Select.php(686): Zend_Db_Adapter_Pdo_Abstract->query(Object(Zend_Db_Select))
#4 /var/www/aae-ensg/plugins/galette-plugin-aae/lib/GaletteAAE/Offres.php(26): Zend_Db_Select->query(2)
#5 /var/www/aae-ensg/plugins/galette-plugin-aae/offres.php(22): Galette\AAE\Offres->getAllOffres()
#6 {main}
192.168.56.101 - 2014-10-26 17:52:26 - 4 - Unable to retrieve offres : "SQLSTATE[42S02]: Base table or view not found: 1146 Table 'aaeensgeoqtest.galette_aae_offres' doesn't exist
192.168.56.101 - 2014-10-26 17:52:26 - 3 - Query was: SELECT `galette_aae_offres`.* FROM `galette_aae_offres` WHERE (1) exception 'PDOException' with message 'SQLSTATE[42S02]: Base table or view not found: 1146 Table 'aaeensgeoqtest.galette_aae_offres' doesn't exist' in /var/www/aae-ensg/includes/Zend-1.12.3/Zend/Db/Statement/Pdo.php:228
Stack trace:
#0 /var/www/aae-ensg/includes/Zend-1.12.3/Zend/Db/Statement/Pdo.php(228): PDOStatement->execute(Array)
#1 /var/www/aae-ensg/includes/Zend-1.12.3/Zend/Db/Statement.php(303): Zend_Db_Statement_Pdo->_execute(Array)
#2 /var/www/aae-ensg/includes/Zend-1.12.3/Zend/Db/Adapter/Abstract.php(480): Zend_Db_Statement->execute(Array)
#3 /var/www/aae-ensg/includes/Zend-1.12.3/Zend/Db/Adapter/Pdo/Abstract.php(238): Zend_Db_Adapter_Abstract->query(Object(Zend_Db_Select), Array)
#4 /var/www/aae-ensg/includes/Zend-1.12.3/Zend/Db/Select.php(686): Zend_Db_Adapter_Pdo_Abstract->query(Object(Zend_Db_Select))
#5 /var/www/aae-ensg/plugins/galette-plugin-aae/lib/GaletteAAE/Offres.php(26): Zend_Db_Select->query(2)
#6 /var/www/aae-ensg/plugins/galette-plugin-aae/offres.php(22): Galette\AAE\Offres->getAllOffres()
#7 {main}

Next exception 'Zend_Db_Statement_Exception' with message 'SQLSTATE[42S02]: Base table or view not found: 1146 Table 'aaeensgeoqtest.galette_aae_offres' doesn't exist' in /var/www/aae-ensg/includes/Zend-1.12.3/Zend/Db/Statement/Pdo.php:234
Stack trace:
#0 /var/www/aae-ensg/includes/Zend-1.12.3/Zend/Db/Statement.php(303): Zend_Db_Statement_Pdo->_execute(Array)
#1 /var/www/aae-ensg/includes/Zend-1.12.3/Zend/Db/Adapter/Abstract.php(480): Zend_Db_Statement->execute(Array)
#2 /var/www/aae-ensg/includes/Zend-1.12.3/Zend/Db/Adapter/Pdo/Abstract.php(238): Zend_Db_Adapter_Abstract->query(Object(Zend_Db_Select), Array)
#3 /var/www/aae-ensg/includes/Zend-1.12.3/Zend/Db/Select.php(686): Zend_Db_Adapter_Pdo_Abstract->query(Object(Zend_Db_Select))
#4 /var/www/aae-ensg/plugins/galette-plugin-aae/lib/GaletteAAE/Offres.php(26): Zend_Db_Select->query(2)
#5 /var/www/aae-ensg/plugins/galette-plugin-aae/offres.php(22): Galette\AAE\Offres->getAllOffres()
#6 {main}
