192.168.56.101 - 2014-10-28 19:13:21 - 4 - Unable to retrieve offre information for "1". | SQLSTATE[42S22]: Column not found: 1054 Unknown column 'id_offre' in 'where clause'
192.168.56.101 - 2014-10-28 19:13:21 - 3 - Query was: SELECT `galette_aae_offres`.* FROM `galette_aae_offres` WHERE (id_offre = '1') exception 'PDOException' with message 'SQLSTATE[42S22]: Column not found: 1054 Unknown column 'id_offre' in 'where clause'' in /var/www/aae-ensg/includes/Zend-1.12.3/Zend/Db/Statement/Pdo.php:228
Stack trace:
#0 /var/www/aae-ensg/includes/Zend-1.12.3/Zend/Db/Statement/Pdo.php(228): PDOStatement->execute(Array)
#1 /var/www/aae-ensg/includes/Zend-1.12.3/Zend/Db/Statement.php(303): Zend_Db_Statement_Pdo->_execute(Array)
#2 /var/www/aae-ensg/includes/Zend-1.12.3/Zend/Db/Adapter/Abstract.php(480): Zend_Db_Statement->execute(Array)
#3 /var/www/aae-ensg/includes/Zend-1.12.3/Zend/Db/Adapter/Pdo/Abstract.php(238): Zend_Db_Adapter_Abstract->query(Object(Zend_Db_Select), Array)
#4 /var/www/aae-ensg/includes/Zend-1.12.3/Zend/Db/Select.php(686): Zend_Db_Adapter_Pdo_Abstract->query(Object(Zend_Db_Select))
#5 /var/www/aae-ensg/plugins/galette-plugin-aae/lib/GaletteAAE/Offres.php(59): Zend_Db_Select->query(2)
#6 /var/www/aae-ensg/plugins/galette-plugin-aae/offres.php(29): Galette\AAE\Offres->getOffre('1')
#7 {main}

Next exception 'Zend_Db_Statement_Exception' with message 'SQLSTATE[42S22]: Column not found: 1054 Unknown column 'id_offre' in 'where clause'' in /var/www/aae-ensg/includes/Zend-1.12.3/Zend/Db/Statement/Pdo.php:234
Stack trace:
#0 /var/www/aae-ensg/includes/Zend-1.12.3/Zend/Db/Statement.php(303): Zend_Db_Statement_Pdo->_execute(Array)
#1 /var/www/aae-ensg/includes/Zend-1.12.3/Zend/Db/Adapter/Abstract.php(480): Zend_Db_Statement->execute(Array)
#2 /var/www/aae-ensg/includes/Zend-1.12.3/Zend/Db/Adapter/Pdo/Abstract.php(238): Zend_Db_Adapter_Abstract->query(Object(Zend_Db_Select), Array)
#3 /var/www/aae-ensg/includes/Zend-1.12.3/Zend/Db/Select.php(686): Zend_Db_Adapter_Pdo_Abstract->query(Object(Zend_Db_Select))
#4 /var/www/aae-ensg/plugins/galette-plugin-aae/lib/GaletteAAE/Offres.php(59): Zend_Db_Select->query(2)
#5 /var/www/aae-ensg/plugins/galette-plugin-aae/offres.php(29): Galette\AAE\Offres->getOffre('1')
#6 {main}
192.168.56.101 - 2014-10-28 19:13:21 - 5 - PHP Notice: Undefined variable: pffre in /var/www/aae-ensg/plugins/galette-plugin-aae/offres.php on line 30
192.168.56.101 - 2014-10-28 19:13:28 - 4 - Unable to retrieve offre information for "2". | SQLSTATE[42S22]: Column not found: 1054 Unknown column 'id_offre' in 'where clause'
192.168.56.101 - 2014-10-28 19:13:28 - 3 - Query was: SELECT `galette_aae_offres`.* FROM `galette_aae_offres` WHERE (id_offre = '2') exception 'PDOException' with message 'SQLSTATE[42S22]: Column not found: 1054 Unknown column 'id_offre' in 'where clause'' in /var/www/aae-ensg/includes/Zend-1.12.3/Zend/Db/Statement/Pdo.php:228
Stack trace:
#0 /var/www/aae-ensg/includes/Zend-1.12.3/Zend/Db/Statement/Pdo.php(228): PDOStatement->execute(Array)
#1 /var/www/aae-ensg/includes/Zend-1.12.3/Zend/Db/Statement.php(303): Zend_Db_Statement_Pdo->_execute(Array)
#2 /var/www/aae-ensg/includes/Zend-1.12.3/Zend/Db/Adapter/Abstract.php(480): Zend_Db_Statement->execute(Array)
#3 /var/www/aae-ensg/includes/Zend-1.12.3/Zend/Db/Adapter/Pdo/Abstract.php(238): Zend_Db_Adapter_Abstract->query(Object(Zend_Db_Select), Array)
#4 /var/www/aae-ensg/includes/Zend-1.12.3/Zend/Db/Select.php(686): Zend_Db_Adapter_Pdo_Abstract->query(Object(Zend_Db_Select))
#5 /var/www/aae-ensg/plugins/galette-plugin-aae/lib/GaletteAAE/Offres.php(59): Zend_Db_Select->query(2)
#6 /var/www/aae-ensg/plugins/galette-plugin-aae/offres.php(29): Galette\AAE\Offres->getOffre('2')
#7 {main}

Next exception 'Zend_Db_Statement_Exception' with message 'SQLSTATE[42S22]: Column not found: 1054 Unknown column 'id_offre' in 'where clause'' in /var/www/aae-ensg/includes/Zend-1.12.3/Zend/Db/Statement/Pdo.php:234
Stack trace:
#0 /var/www/aae-ensg/includes/Zend-1.12.3/Zend/Db/Statement.php(303): Zend_Db_Statement_Pdo->_execute(Array)
#1 /var/www/aae-ensg/includes/Zend-1.12.3/Zend/Db/Adapter/Abstract.php(480): Zend_Db_Statement->execute(Array)
#2 /var/www/aae-ensg/includes/Zend-1.12.3/Zend/Db/Adapter/Pdo/Abstract.php(238): Zend_Db_Adapter_Abstract->query(Object(Zend_Db_Select), Array)
#3 /var/www/aae-ensg/includes/Zend-1.12.3/Zend/Db/Select.php(686): Zend_Db_Adapter_Pdo_Abstract->query(Object(Zend_Db_Select))
#4 /var/www/aae-ensg/plugins/galette-plugin-aae/lib/GaletteAAE/Offres.php(59): Zend_Db_Select->query(2)
#5 /var/www/aae-ensg/plugins/galette-plugin-aae/offres.php(29): Galette\AAE\Offres->getOffre('2')
#6 {main}
192.168.56.101 - 2014-10-28 19:13:28 - 5 - PHP Notice: Undefined variable: pffre in /var/www/aae-ensg/plugins/galette-plugin-aae/offres.php on line 30
192.168.56.101 - 2014-10-28 19:19:52 - 4 - Unable to retrieve offre information for "1". | SQLSTATE[42S22]: Column not found: 1054 Unknown column 'id_offre' in 'where clause'
192.168.56.101 - 2014-10-28 19:19:52 - 3 - Query was: SELECT `galette_aae_offres`.* FROM `galette_aae_offres` WHERE (id_offre = '1') exception 'PDOException' with message 'SQLSTATE[42S22]: Column not found: 1054 Unknown column 'id_offre' in 'where clause'' in /var/www/aae-ensg/includes/Zend-1.12.3/Zend/Db/Statement/Pdo.php:228
Stack trace:
#0 /var/www/aae-ensg/includes/Zend-1.12.3/Zend/Db/Statement/Pdo.php(228): PDOStatement->execute(Array)
#1 /var/www/aae-ensg/includes/Zend-1.12.3/Zend/Db/Statement.php(303): Zend_Db_Statement_Pdo->_execute(Array)
#2 /var/www/aae-ensg/includes/Zend-1.12.3/Zend/Db/Adapter/Abstract.php(480): Zend_Db_Statement->execute(Array)
#3 /var/www/aae-ensg/includes/Zend-1.12.3/Zend/Db/Adapter/Pdo/Abstract.php(238): Zend_Db_Adapter_Abstract->query(Object(Zend_Db_Select), Array)
#4 /var/www/aae-ensg/includes/Zend-1.12.3/Zend/Db/Select.php(686): Zend_Db_Adapter_Pdo_Abstract->query(Object(Zend_Db_Select))
#5 /var/www/aae-ensg/plugins/galette-plugin-aae/lib/GaletteAAE/Offres.php(59): Zend_Db_Select->query(2)
#6 /var/www/aae-ensg/plugins/galette-plugin-aae/offres.php(29): Galette\AAE\Offres->getOffre('1')
#7 {main}

Next exception 'Zend_Db_Statement_Exception' with message 'SQLSTATE[42S22]: Column not found: 1054 Unknown column 'id_offre' in 'where clause'' in /var/www/aae-ensg/includes/Zend-1.12.3/Zend/Db/Statement/Pdo.php:234
Stack trace:
#0 /var/www/aae-ensg/includes/Zend-1.12.3/Zend/Db/Statement.php(303): Zend_Db_Statement_Pdo->_execute(Array)
#1 /var/www/aae-ensg/includes/Zend-1.12.3/Zend/Db/Adapter/Abstract.php(480): Zend_Db_Statement->execute(Array)
#2 /var/www/aae-ensg/includes/Zend-1.12.3/Zend/Db/Adapter/Pdo/Abstract.php(238): Zend_Db_Adapter_Abstract->query(Object(Zend_Db_Select), Array)
#3 /var/www/aae-ensg/includes/Zend-1.12.3/Zend/Db/Select.php(686): Zend_Db_Adapter_Pdo_Abstract->query(Object(Zend_Db_Select))
#4 /var/www/aae-ensg/plugins/galette-plugin-aae/lib/GaletteAAE/Offres.php(59): Zend_Db_Select->query(2)
#5 /var/www/aae-ensg/plugins/galette-plugin-aae/offres.php(29): Galette\AAE\Offres->getOffre('1')
#6 {main}
192.168.56.101 - 2014-10-28 19:19:52 - 5 - PHP Notice: Undefined variable: pffre in /var/www/aae-ensg/plugins/galette-plugin-aae/offres.php on line 30
192.168.56.101 - 2014-10-28 19:19:56 - 4 - Unable to retrieve offre information for "1". | SQLSTATE[42S22]: Column not found: 1054 Unknown column 'id_offre' in 'where clause'
192.168.56.101 - 2014-10-28 19:19:56 - 3 - Query was: SELECT `galette_aae_offres`.* FROM `galette_aae_offres` WHERE (id_offre = '1') exception 'PDOException' with message 'SQLSTATE[42S22]: Column not found: 1054 Unknown column 'id_offre' in 'where clause'' in /var/www/aae-ensg/includes/Zend-1.12.3/Zend/Db/Statement/Pdo.php:228
Stack trace:
#0 /var/www/aae-ensg/includes/Zend-1.12.3/Zend/Db/Statement/Pdo.php(228): PDOStatement->execute(Array)
#1 /var/www/aae-ensg/includes/Zend-1.12.3/Zend/Db/Statement.php(303): Zend_Db_Statement_Pdo->_execute(Array)
#2 /var/www/aae-ensg/includes/Zend-1.12.3/Zend/Db/Adapter/Abstract.php(480): Zend_Db_Statement->execute(Array)
#3 /var/www/aae-ensg/includes/Zend-1.12.3/Zend/Db/Adapter/Pdo/Abstract.php(238): Zend_Db_Adapter_Abstract->query(Object(Zend_Db_Select), Array)
#4 /var/www/aae-ensg/includes/Zend-1.12.3/Zend/Db/Select.php(686): Zend_Db_Adapter_Pdo_Abstract->query(Object(Zend_Db_Select))
#5 /var/www/aae-ensg/plugins/galette-plugin-aae/lib/GaletteAAE/Offres.php(59): Zend_Db_Select->query(2)
#6 /var/www/aae-ensg/plugins/galette-plugin-aae/offres.php(29): Galette\AAE\Offres->getOffre('1')
#7 {main}

Next exception 'Zend_Db_Statement_Exception' with message 'SQLSTATE[42S22]: Column not found: 1054 Unknown column 'id_offre' in 'where clause'' in /var/www/aae-ensg/includes/Zend-1.12.3/Zend/Db/Statement/Pdo.php:234
Stack trace:
#0 /var/www/aae-ensg/includes/Zend-1.12.3/Zend/Db/Statement.php(303): Zend_Db_Statement_Pdo->_execute(Array)
#1 /var/www/aae-ensg/includes/Zend-1.12.3/Zend/Db/Adapter/Abstract.php(480): Zend_Db_Statement->execute(Array)
#2 /var/www/aae-ensg/includes/Zend-1.12.3/Zend/Db/Adapter/Pdo/Abstract.php(238): Zend_Db_Adapter_Abstract->query(Object(Zend_Db_Select), Array)
#3 /var/www/aae-ensg/includes/Zend-1.12.3/Zend/Db/Select.php(686): Zend_Db_Adapter_Pdo_Abstract->query(Object(Zend_Db_Select))
#4 /var/www/aae-ensg/plugins/galette-plugin-aae/lib/GaletteAAE/Offres.php(59): Zend_Db_Select->query(2)
#5 /var/www/aae-ensg/plugins/galette-plugin-aae/offres.php(29): Galette\AAE\Offres->getOffre('1')
#6 {main}
192.168.56.101 - 2014-10-28 19:19:56 - 5 - PHP Notice: Undefined variable: pffre in /var/www/aae-ensg/plugins/galette-plugin-aae/offres.php on line 30
192.168.56.101 - 2014-10-28 19:19:57 - 4 - Unable to retrieve offre information for "1". | SQLSTATE[42S22]: Column not found: 1054 Unknown column 'id_offre' in 'where clause'
192.168.56.101 - 2014-10-28 19:19:57 - 3 - Query was: SELECT `galette_aae_offres`.* FROM `galette_aae_offres` WHERE (id_offre = '1') exception 'PDOException' with message 'SQLSTATE[42S22]: Column not found: 1054 Unknown column 'id_offre' in 'where clause'' in /var/www/aae-ensg/includes/Zend-1.12.3/Zend/Db/Statement/Pdo.php:228
Stack trace:
#0 /var/www/aae-ensg/includes/Zend-1.12.3/Zend/Db/Statement/Pdo.php(228): PDOStatement->execute(Array)
#1 /var/www/aae-ensg/includes/Zend-1.12.3/Zend/Db/Statement.php(303): Zend_Db_Statement_Pdo->_execute(Array)
#2 /var/www/aae-ensg/includes/Zend-1.12.3/Zend/Db/Adapter/Abstract.php(480): Zend_Db_Statement->execute(Array)
#3 /var/www/aae-ensg/includes/Zend-1.12.3/Zend/Db/Adapter/Pdo/Abstract.php(238): Zend_Db_Adapter_Abstract->query(Object(Zend_Db_Select), Array)
#4 /var/www/aae-ensg/includes/Zend-1.12.3/Zend/Db/Select.php(686): Zend_Db_Adapter_Pdo_Abstract->query(Object(Zend_Db_Select))
#5 /var/www/aae-ensg/plugins/galette-plugin-aae/lib/GaletteAAE/Offres.php(59): Zend_Db_Select->query(2)
#6 /var/www/aae-ensg/plugins/galette-plugin-aae/offres.php(29): Galette\AAE\Offres->getOffre('1')
#7 {main}

Next exception 'Zend_Db_Statement_Exception' with message 'SQLSTATE[42S22]: Column not found: 1054 Unknown column 'id_offre' in 'where clause'' in /var/www/aae-ensg/includes/Zend-1.12.3/Zend/Db/Statement/Pdo.php:234
Stack trace:
#0 /var/www/aae-ensg/includes/Zend-1.12.3/Zend/Db/Statement.php(303): Zend_Db_Statement_Pdo->_execute(Array)
#1 /var/www/aae-ensg/includes/Zend-1.12.3/Zend/Db/Adapter/Abstract.php(480): Zend_Db_Statement->execute(Array)
#2 /var/www/aae-ensg/includes/Zend-1.12.3/Zend/Db/Adapter/Pdo/Abstract.php(238): Zend_Db_Adapter_Abstract->query(Object(Zend_Db_Select), Array)
#3 /var/www/aae-ensg/includes/Zend-1.12.3/Zend/Db/Select.php(686): Zend_Db_Adapter_Pdo_Abstract->query(Object(Zend_Db_Select))
#4 /var/www/aae-ensg/plugins/galette-plugin-aae/lib/GaletteAAE/Offres.php(59): Zend_Db_Select->query(2)
#5 /var/www/aae-ensg/plugins/galette-plugin-aae/offres.php(29): Galette\AAE\Offres->getOffre('1')
#6 {main}
192.168.56.101 - 2014-10-28 19:19:57 - 5 - PHP Notice: Undefined variable: pffre in /var/www/aae-ensg/plugins/galette-plugin-aae/offres.php on line 30
192.168.56.101 - 2014-10-28 19:20:04 - 4 - Unable to retrieve offre information for "1". | SQLSTATE[42S22]: Column not found: 1054 Unknown column 'id_offre' in 'where clause'
192.168.56.101 - 2014-10-28 19:20:04 - 3 - Query was: SELECT `galette_aae_offres`.* FROM `galette_aae_offres` WHERE (id_offre = '1') exception 'PDOException' with message 'SQLSTATE[42S22]: Column not found: 1054 Unknown column 'id_offre' in 'where clause'' in /var/www/aae-ensg/includes/Zend-1.12.3/Zend/Db/Statement/Pdo.php:228
Stack trace:
#0 /var/www/aae-ensg/includes/Zend-1.12.3/Zend/Db/Statement/Pdo.php(228): PDOStatement->execute(Array)
#1 /var/www/aae-ensg/includes/Zend-1.12.3/Zend/Db/Statement.php(303): Zend_Db_Statement_Pdo->_execute(Array)
#2 /var/www/aae-ensg/includes/Zend-1.12.3/Zend/Db/Adapter/Abstract.php(480): Zend_Db_Statement->execute(Array)
#3 /var/www/aae-ensg/includes/Zend-1.12.3/Zend/Db/Adapter/Pdo/Abstract.php(238): Zend_Db_Adapter_Abstract->query(Object(Zend_Db_Select), Array)
#4 /var/www/aae-ensg/includes/Zend-1.12.3/Zend/Db/Select.php(686): Zend_Db_Adapter_Pdo_Abstract->query(Object(Zend_Db_Select))
#5 /var/www/aae-ensg/plugins/galette-plugin-aae/lib/GaletteAAE/Offres.php(59): Zend_Db_Select->query(2)
#6 /var/www/aae-ensg/plugins/galette-plugin-aae/offres.php(29): Galette\AAE\Offres->getOffre('1')
#7 {main}

Next exception 'Zend_Db_Statement_Exception' with message 'SQLSTATE[42S22]: Column not found: 1054 Unknown column 'id_offre' in 'where clause'' in /var/www/aae-ensg/includes/Zend-1.12.3/Zend/Db/Statement/Pdo.php:234
Stack trace:
#0 /var/www/aae-ensg/includes/Zend-1.12.3/Zend/Db/Statement.php(303): Zend_Db_Statement_Pdo->_execute(Array)
#1 /var/www/aae-ensg/includes/Zend-1.12.3/Zend/Db/Adapter/Abstract.php(480): Zend_Db_Statement->execute(Array)
#2 /var/www/aae-ensg/includes/Zend-1.12.3/Zend/Db/Adapter/Pdo/Abstract.php(238): Zend_Db_Adapter_Abstract->query(Object(Zend_Db_Select), Array)
#3 /var/www/aae-ensg/includes/Zend-1.12.3/Zend/Db/Select.php(686): Zend_Db_Adapter_Pdo_Abstract->query(Object(Zend_Db_Select))
#4 /var/www/aae-ensg/plugins/galette-plugin-aae/lib/GaletteAAE/Offres.php(59): Zend_Db_Select->query(2)
#5 /var/www/aae-ensg/plugins/galette-plugin-aae/offres.php(29): Galette\AAE\Offres->getOffre('1')
#6 {main}
192.168.56.101 - 2014-10-28 19:20:04 - 5 - PHP Notice: Undefined variable: pffre in /var/www/aae-ensg/plugins/galette-plugin-aae/offres.php on line 30
192.168.56.101 - 2014-10-28 19:21:26 - 4 - Unable to retrieve offre information for "1". | SQLSTATE[42S22]: Column not found: 1054 Unknown column 'id_offre' in 'where clause'
192.168.56.101 - 2014-10-28 19:21:26 - 3 - Query was: SELECT `galette_aae_offres`.* FROM `galette_aae_offres` WHERE (id_offre = '1') exception 'PDOException' with message 'SQLSTATE[42S22]: Column not found: 1054 Unknown column 'id_offre' in 'where clause'' in /var/www/aae-ensg/includes/Zend-1.12.3/Zend/Db/Statement/Pdo.php:228
Stack trace:
#0 /var/www/aae-ensg/includes/Zend-1.12.3/Zend/Db/Statement/Pdo.php(228): PDOStatement->execute(Array)
#1 /var/www/aae-ensg/includes/Zend-1.12.3/Zend/Db/Statement.php(303): Zend_Db_Statement_Pdo->_execute(Array)
#2 /var/www/aae-ensg/includes/Zend-1.12.3/Zend/Db/Adapter/Abstract.php(480): Zend_Db_Statement->execute(Array)
#3 /var/www/aae-ensg/includes/Zend-1.12.3/Zend/Db/Adapter/Pdo/Abstract.php(238): Zend_Db_Adapter_Abstract->query(Object(Zend_Db_Select), Array)
#4 /var/www/aae-ensg/includes/Zend-1.12.3/Zend/Db/Select.php(686): Zend_Db_Adapter_Pdo_Abstract->query(Object(Zend_Db_Select))
#5 /var/www/aae-ensg/plugins/galette-plugin-aae/lib/GaletteAAE/Offres.php(59): Zend_Db_Select->query(2)
#6 /var/www/aae-ensg/plugins/galette-plugin-aae/offres.php(29): Galette\AAE\Offres->getOffre('1')
#7 {main}

Next exception 'Zend_Db_Statement_Exception' with message 'SQLSTATE[42S22]: Column not found: 1054 Unknown column 'id_offre' in 'where clause'' in /var/www/aae-ensg/includes/Zend-1.12.3/Zend/Db/Statement/Pdo.php:234
Stack trace:
#0 /var/www/aae-ensg/includes/Zend-1.12.3/Zend/Db/Statement.php(303): Zend_Db_Statement_Pdo->_execute(Array)
#1 /var/www/aae-ensg/includes/Zend-1.12.3/Zend/Db/Adapter/Abstract.php(480): Zend_Db_Statement->execute(Array)
#2 /var/www/aae-ensg/includes/Zend-1.12.3/Zend/Db/Adapter/Pdo/Abstract.php(238): Zend_Db_Adapter_Abstract->query(Object(Zend_Db_Select), Array)
#3 /var/www/aae-ensg/includes/Zend-1.12.3/Zend/Db/Select.php(686): Zend_Db_Adapter_Pdo_Abstract->query(Object(Zend_Db_Select))
#4 /var/www/aae-ensg/plugins/galette-plugin-aae/lib/GaletteAAE/Offres.php(59): Zend_Db_Select->query(2)
#5 /var/www/aae-ensg/plugins/galette-plugin-aae/offres.php(29): Galette\AAE\Offres->getOffre('1')
#6 {main}
192.168.56.101 - 2014-10-28 19:21:26 - 5 - PHP Notice: Undefined variable: pffre in /var/www/aae-ensg/plugins/galette-plugin-aae/offres.php on line 30
192.168.56.101 - 2014-10-28 19:21:27 - 4 - Unable to retrieve offre information for "1". | SQLSTATE[42S22]: Column not found: 1054 Unknown column 'id_offre' in 'where clause'
192.168.56.101 - 2014-10-28 19:21:27 - 3 - Query was: SELECT `galette_aae_offres`.* FROM `galette_aae_offres` WHERE (id_offre = '1') exception 'PDOException' with message 'SQLSTATE[42S22]: Column not found: 1054 Unknown column 'id_offre' in 'where clause'' in /var/www/aae-ensg/includes/Zend-1.12.3/Zend/Db/Statement/Pdo.php:228
Stack trace:
#0 /var/www/aae-ensg/includes/Zend-1.12.3/Zend/Db/Statement/Pdo.php(228): PDOStatement->execute(Array)
#1 /var/www/aae-ensg/includes/Zend-1.12.3/Zend/Db/Statement.php(303): Zend_Db_Statement_Pdo->_execute(Array)
#2 /var/www/aae-ensg/includes/Zend-1.12.3/Zend/Db/Adapter/Abstract.php(480): Zend_Db_Statement->execute(Array)
#3 /var/www/aae-ensg/includes/Zend-1.12.3/Zend/Db/Adapter/Pdo/Abstract.php(238): Zend_Db_Adapter_Abstract->query(Object(Zend_Db_Select), Array)
#4 /var/www/aae-ensg/includes/Zend-1.12.3/Zend/Db/Select.php(686): Zend_Db_Adapter_Pdo_Abstract->query(Object(Zend_Db_Select))
#5 /var/www/aae-ensg/plugins/galette-plugin-aae/lib/GaletteAAE/Offres.php(59): Zend_Db_Select->query(2)
#6 /var/www/aae-ensg/plugins/galette-plugin-aae/offres.php(29): Galette\AAE\Offres->getOffre('1')
#7 {main}

Next exception 'Zend_Db_Statement_Exception' with message 'SQLSTATE[42S22]: Column not found: 1054 Unknown column 'id_offre' in 'where clause'' in /var/www/aae-ensg/includes/Zend-1.12.3/Zend/Db/Statement/Pdo.php:234
Stack trace:
#0 /var/www/aae-ensg/includes/Zend-1.12.3/Zend/Db/Statement.php(303): Zend_Db_Statement_Pdo->_execute(Array)
#1 /var/www/aae-ensg/includes/Zend-1.12.3/Zend/Db/Adapter/Abstract.php(480): Zend_Db_Statement->execute(Array)
#2 /var/www/aae-ensg/includes/Zend-1.12.3/Zend/Db/Adapter/Pdo/Abstract.php(238): Zend_Db_Adapter_Abstract->query(Object(Zend_Db_Select), Array)
#3 /var/www/aae-ensg/includes/Zend-1.12.3/Zend/Db/Select.php(686): Zend_Db_Adapter_Pdo_Abstract->query(Object(Zend_Db_Select))
#4 /var/www/aae-ensg/plugins/galette-plugin-aae/lib/GaletteAAE/Offres.php(59): Zend_Db_Select->query(2)
#5 /var/www/aae-ensg/plugins/galette-plugin-aae/offres.php(29): Galette\AAE\Offres->getOffre('1')
#6 {main}
192.168.56.101 - 2014-10-28 19:21:27 - 5 - PHP Notice: Undefined variable: pffre in /var/www/aae-ensg/plugins/galette-plugin-aae/offres.php on line 30
192.168.56.101 - 2014-10-28 19:47:49 - 4 - Unable to retrieve offre information for "1". | SQLSTATE[42S22]: Column not found: 1054 Unknown column 'id_offre' in 'where clause'
192.168.56.101 - 2014-10-28 19:47:49 - 3 - Query was: SELECT `galette_aae_offres`.* FROM `galette_aae_offres` WHERE (id_offre = '1') exception 'PDOException' with message 'SQLSTATE[42S22]: Column not found: 1054 Unknown column 'id_offre' in 'where clause'' in /var/www/aae-ensg/includes/Zend-1.12.3/Zend/Db/Statement/Pdo.php:228
Stack trace:
#0 /var/www/aae-ensg/includes/Zend-1.12.3/Zend/Db/Statement/Pdo.php(228): PDOStatement->execute(Array)
#1 /var/www/aae-ensg/includes/Zend-1.12.3/Zend/Db/Statement.php(303): Zend_Db_Statement_Pdo->_execute(Array)
#2 /var/www/aae-ensg/includes/Zend-1.12.3/Zend/Db/Adapter/Abstract.php(480): Zend_Db_Statement->execute(Array)
#3 /var/www/aae-ensg/includes/Zend-1.12.3/Zend/Db/Adapter/Pdo/Abstract.php(238): Zend_Db_Adapter_Abstract->query(Object(Zend_Db_Select), Array)
#4 /var/www/aae-ensg/includes/Zend-1.12.3/Zend/Db/Select.php(686): Zend_Db_Adapter_Pdo_Abstract->query(Object(Zend_Db_Select))
#5 /var/www/aae-ensg/plugins/galette-plugin-aae/lib/GaletteAAE/Offres.php(59): Zend_Db_Select->query(2)
#6 /var/www/aae-ensg/plugins/galette-plugin-aae/liste_offres.php(29): Galette\AAE\Offres->getOffre('1')
#7 {main}

Next exception 'Zend_Db_Statement_Exception' with message 'SQLSTATE[42S22]: Column not found: 1054 Unknown column 'id_offre' in 'where clause'' in /var/www/aae-ensg/includes/Zend-1.12.3/Zend/Db/Statement/Pdo.php:234
Stack trace:
#0 /var/www/aae-ensg/includes/Zend-1.12.3/Zend/Db/Statement.php(303): Zend_Db_Statement_Pdo->_execute(Array)
#1 /var/www/aae-ensg/includes/Zend-1.12.3/Zend/Db/Adapter/Abstract.php(480): Zend_Db_Statement->execute(Array)
#2 /var/www/aae-ensg/includes/Zend-1.12.3/Zend/Db/Adapter/Pdo/Abstract.php(238): Zend_Db_Adapter_Abstract->query(Object(Zend_Db_Select), Array)
#3 /var/www/aae-ensg/includes/Zend-1.12.3/Zend/Db/Select.php(686): Zend_Db_Adapter_Pdo_Abstract->query(Object(Zend_Db_Select))
#4 /var/www/aae-ensg/plugins/galette-plugin-aae/lib/GaletteAAE/Offres.php(59): Zend_Db_Select->query(2)
#5 /var/www/aae-ensg/plugins/galette-plugin-aae/liste_offres.php(29): Galette\AAE\Offres->getOffre('1')
#6 {main}
192.168.56.101 - 2014-10-28 19:47:49 - 5 - PHP Notice: Undefined variable: pffre in /var/www/aae-ensg/plugins/galette-plugin-aae/liste_offres.php on line 30
192.168.56.101 - 2014-10-28 19:53:14 - 4 - Unable to retrieve offre information for "1". | SQLSTATE[42S22]: Column not found: 1054 Unknown column 'id_offre' in 'where clause'
192.168.56.101 - 2014-10-28 19:53:14 - 3 - Query was: SELECT `galette_aae_offres`.* FROM `galette_aae_offres` WHERE (id_offre = '1') exception 'PDOException' with message 'SQLSTATE[42S22]: Column not found: 1054 Unknown column 'id_offre' in 'where clause'' in /var/www/aae-ensg/includes/Zend-1.12.3/Zend/Db/Statement/Pdo.php:228
Stack trace:
#0 /var/www/aae-ensg/includes/Zend-1.12.3/Zend/Db/Statement/Pdo.php(228): PDOStatement->execute(Array)
#1 /var/www/aae-ensg/includes/Zend-1.12.3/Zend/Db/Statement.php(303): Zend_Db_Statement_Pdo->_execute(Array)
#2 /var/www/aae-ensg/includes/Zend-1.12.3/Zend/Db/Adapter/Abstract.php(480): Zend_Db_Statement->execute(Array)
#3 /var/www/aae-ensg/includes/Zend-1.12.3/Zend/Db/Adapter/Pdo/Abstract.php(238): Zend_Db_Adapter_Abstract->query(Object(Zend_Db_Select), Array)
#4 /var/www/aae-ensg/includes/Zend-1.12.3/Zend/Db/Select.php(686): Zend_Db_Adapter_Pdo_Abstract->query(Object(Zend_Db_Select))
#5 /var/www/aae-ensg/plugins/galette-plugin-aae/lib/GaletteAAE/Offres.php(59): Zend_Db_Select->query(2)
#6 /var/www/aae-ensg/plugins/galette-plugin-aae/liste_offres.php(29): Galette\AAE\Offres->getOffre('1')
#7 {main}

Next exception 'Zend_Db_Statement_Exception' with message 'SQLSTATE[42S22]: Column not found: 1054 Unknown column 'id_offre' in 'where clause'' in /var/www/aae-ensg/includes/Zend-1.12.3/Zend/Db/Statement/Pdo.php:234
Stack trace:
#0 /var/www/aae-ensg/includes/Zend-1.12.3/Zend/Db/Statement.php(303): Zend_Db_Statement_Pdo->_execute(Array)
#1 /var/www/aae-ensg/includes/Zend-1.12.3/Zend/Db/Adapter/Abstract.php(480): Zend_Db_Statement->execute(Array)
#2 /var/www/aae-ensg/includes/Zend-1.12.3/Zend/Db/Adapter/Pdo/Abstract.php(238): Zend_Db_Adapter_Abstract->query(Object(Zend_Db_Select), Array)
#3 /var/www/aae-ensg/includes/Zend-1.12.3/Zend/Db/Select.php(686): Zend_Db_Adapter_Pdo_Abstract->query(Object(Zend_Db_Select))
#4 /var/www/aae-ensg/plugins/galette-plugin-aae/lib/GaletteAAE/Offres.php(59): Zend_Db_Select->query(2)
#5 /var/www/aae-ensg/plugins/galette-plugin-aae/liste_offres.php(29): Galette\AAE\Offres->getOffre('1')
#6 {main}
192.168.56.101 - 2014-10-28 19:53:14 - 5 - PHP Notice: Undefined variable: pffre in /var/www/aae-ensg/plugins/galette-plugin-aae/liste_offres.php on line 31
192.168.56.101 - 2014-10-28 19:53:16 - 4 - Unable to retrieve offre information for "1". | SQLSTATE[42S22]: Column not found: 1054 Unknown column 'id_offre' in 'where clause'
192.168.56.101 - 2014-10-28 19:53:16 - 3 - Query was: SELECT `galette_aae_offres`.* FROM `galette_aae_offres` WHERE (id_offre = '1') exception 'PDOException' with message 'SQLSTATE[42S22]: Column not found: 1054 Unknown column 'id_offre' in 'where clause'' in /var/www/aae-ensg/includes/Zend-1.12.3/Zend/Db/Statement/Pdo.php:228
Stack trace:
#0 /var/www/aae-ensg/includes/Zend-1.12.3/Zend/Db/Statement/Pdo.php(228): PDOStatement->execute(Array)
#1 /var/www/aae-ensg/includes/Zend-1.12.3/Zend/Db/Statement.php(303): Zend_Db_Statement_Pdo->_execute(Array)
#2 /var/www/aae-ensg/includes/Zend-1.12.3/Zend/Db/Adapter/Abstract.php(480): Zend_Db_Statement->execute(Array)
#3 /var/www/aae-ensg/includes/Zend-1.12.3/Zend/Db/Adapter/Pdo/Abstract.php(238): Zend_Db_Adapter_Abstract->query(Object(Zend_Db_Select), Array)
#4 /var/www/aae-ensg/includes/Zend-1.12.3/Zend/Db/Select.php(686): Zend_Db_Adapter_Pdo_Abstract->query(Object(Zend_Db_Select))
#5 /var/www/aae-ensg/plugins/galette-plugin-aae/lib/GaletteAAE/Offres.php(59): Zend_Db_Select->query(2)
#6 /var/www/aae-ensg/plugins/galette-plugin-aae/liste_offres.php(29): Galette\AAE\Offres->getOffre('1')
#7 {main}

Next exception 'Zend_Db_Statement_Exception' with message 'SQLSTATE[42S22]: Column not found: 1054 Unknown column 'id_offre' in 'where clause'' in /var/www/aae-ensg/includes/Zend-1.12.3/Zend/Db/Statement/Pdo.php:234
Stack trace:
#0 /var/www/aae-ensg/includes/Zend-1.12.3/Zend/Db/Statement.php(303): Zend_Db_Statement_Pdo->_execute(Array)
#1 /var/www/aae-ensg/includes/Zend-1.12.3/Zend/Db/Adapter/Abstract.php(480): Zend_Db_Statement->execute(Array)
#2 /var/www/aae-ensg/includes/Zend-1.12.3/Zend/Db/Adapter/Pdo/Abstract.php(238): Zend_Db_Adapter_Abstract->query(Object(Zend_Db_Select), Array)
#3 /var/www/aae-ensg/includes/Zend-1.12.3/Zend/Db/Select.php(686): Zend_Db_Adapter_Pdo_Abstract->query(Object(Zend_Db_Select))
#4 /var/www/aae-ensg/plugins/galette-plugin-aae/lib/GaletteAAE/Offres.php(59): Zend_Db_Select->query(2)
#5 /var/www/aae-ensg/plugins/galette-plugin-aae/liste_offres.php(29): Galette\AAE\Offres->getOffre('1')
#6 {main}
192.168.56.101 - 2014-10-28 19:53:16 - 5 - PHP Notice: Undefined variable: pffre in /var/www/aae-ensg/plugins/galette-plugin-aae/liste_offres.php on line 31
192.168.56.101 - 2014-10-28 20:09:12 - 4 - Unable to retrieve offre information for "1". | SQLSTATE[42S22]: Column not found: 1054 Unknown column 'id_offre' in 'where clause'
192.168.56.101 - 2014-10-28 20:09:12 - 3 - Query was: SELECT `galette_aae_offres`.* FROM `galette_aae_offres` WHERE (id_offre = '1') exception 'PDOException' with message 'SQLSTATE[42S22]: Column not found: 1054 Unknown column 'id_offre' in 'where clause'' in /var/www/aae-ensg/includes/Zend-1.12.3/Zend/Db/Statement/Pdo.php:228
Stack trace:
#0 /var/www/aae-ensg/includes/Zend-1.12.3/Zend/Db/Statement/Pdo.php(228): PDOStatement->execute(Array)
#1 /var/www/aae-ensg/includes/Zend-1.12.3/Zend/Db/Statement.php(303): Zend_Db_Statement_Pdo->_execute(Array)
#2 /var/www/aae-ensg/includes/Zend-1.12.3/Zend/Db/Adapter/Abstract.php(480): Zend_Db_Statement->execute(Array)
#3 /var/www/aae-ensg/includes/Zend-1.12.3/Zend/Db/Adapter/Pdo/Abstract.php(238): Zend_Db_Adapter_Abstract->query(Object(Zend_Db_Select), Array)
#4 /var/www/aae-ensg/includes/Zend-1.12.3/Zend/Db/Select.php(686): Zend_Db_Adapter_Pdo_Abstract->query(Object(Zend_Db_Select))
#5 /var/www/aae-ensg/plugins/galette-plugin-aae/lib/GaletteAAE/Offres.php(59): Zend_Db_Select->query(2)
#6 /var/www/aae-ensg/plugins/galette-plugin-aae/liste_offres.php(29): Galette\AAE\Offres->getOffre('1')
#7 {main}

Next exception 'Zend_Db_Statement_Exception' with message 'SQLSTATE[42S22]: Column not found: 1054 Unknown column 'id_offre' in 'where clause'' in /var/www/aae-ensg/includes/Zend-1.12.3/Zend/Db/Statement/Pdo.php:234
Stack trace:
#0 /var/www/aae-ensg/includes/Zend-1.12.3/Zend/Db/Statement.php(303): Zend_Db_Statement_Pdo->_execute(Array)
#1 /var/www/aae-ensg/includes/Zend-1.12.3/Zend/Db/Adapter/Abstract.php(480): Zend_Db_Statement->execute(Array)
#2 /var/www/aae-ensg/includes/Zend-1.12.3/Zend/Db/Adapter/Pdo/Abstract.php(238): Zend_Db_Adapter_Abstract->query(Object(Zend_Db_Select), Array)
#3 /var/www/aae-ensg/includes/Zend-1.12.3/Zend/Db/Select.php(686): Zend_Db_Adapter_Pdo_Abstract->query(Object(Zend_Db_Select))
#4 /var/www/aae-ensg/plugins/galette-plugin-aae/lib/GaletteAAE/Offres.php(59): Zend_Db_Select->query(2)
#5 /var/www/aae-ensg/plugins/galette-plugin-aae/liste_offres.php(29): Galette\AAE\Offres->getOffre('1')
#6 {main}
192.168.56.101 - 2014-10-28 20:09:14 - 4 - Unable to retrieve offre information for "1". | SQLSTATE[42S22]: Column not found: 1054 Unknown column 'id_offre' in 'where clause'
192.168.56.101 - 2014-10-28 20:09:14 - 3 - Query was: SELECT `galette_aae_offres`.* FROM `galette_aae_offres` WHERE (id_offre = '1') exception 'PDOException' with message 'SQLSTATE[42S22]: Column not found: 1054 Unknown column 'id_offre' in 'where clause'' in /var/www/aae-ensg/includes/Zend-1.12.3/Zend/Db/Statement/Pdo.php:228
Stack trace:
#0 /var/www/aae-ensg/includes/Zend-1.12.3/Zend/Db/Statement/Pdo.php(228): PDOStatement->execute(Array)
#1 /var/www/aae-ensg/includes/Zend-1.12.3/Zend/Db/Statement.php(303): Zend_Db_Statement_Pdo->_execute(Array)
#2 /var/www/aae-ensg/includes/Zend-1.12.3/Zend/Db/Adapter/Abstract.php(480): Zend_Db_Statement->execute(Array)
#3 /var/www/aae-ensg/includes/Zend-1.12.3/Zend/Db/Adapter/Pdo/Abstract.php(238): Zend_Db_Adapter_Abstract->query(Object(Zend_Db_Select), Array)
#4 /var/www/aae-ensg/includes/Zend-1.12.3/Zend/Db/Select.php(686): Zend_Db_Adapter_Pdo_Abstract->query(Object(Zend_Db_Select))
#5 /var/www/aae-ensg/plugins/galette-plugin-aae/lib/GaletteAAE/Offres.php(59): Zend_Db_Select->query(2)
#6 /var/www/aae-ensg/plugins/galette-plugin-aae/liste_offres.php(29): Galette\AAE\Offres->getOffre('1')
#7 {main}

Next exception 'Zend_Db_Statement_Exception' with message 'SQLSTATE[42S22]: Column not found: 1054 Unknown column 'id_offre' in 'where clause'' in /var/www/aae-ensg/includes/Zend-1.12.3/Zend/Db/Statement/Pdo.php:234
Stack trace:
#0 /var/www/aae-ensg/includes/Zend-1.12.3/Zend/Db/Statement.php(303): Zend_Db_Statement_Pdo->_execute(Array)
#1 /var/www/aae-ensg/includes/Zend-1.12.3/Zend/Db/Adapter/Abstract.php(480): Zend_Db_Statement->execute(Array)
#2 /var/www/aae-ensg/includes/Zend-1.12.3/Zend/Db/Adapter/Pdo/Abstract.php(238): Zend_Db_Adapter_Abstract->query(Object(Zend_Db_Select), Array)
#3 /var/www/aae-ensg/includes/Zend-1.12.3/Zend/Db/Select.php(686): Zend_Db_Adapter_Pdo_Abstract->query(Object(Zend_Db_Select))
#4 /var/www/aae-ensg/plugins/galette-plugin-aae/lib/GaletteAAE/Offres.php(59): Zend_Db_Select->query(2)
#5 /var/www/aae-ensg/plugins/galette-plugin-aae/liste_offres.php(29): Galette\AAE\Offres->getOffre('1')
#6 {main}
192.168.56.101 - 2014-10-28 20:09:15 - 4 - Unable to retrieve offre information for "1". | SQLSTATE[42S22]: Column not found: 1054 Unknown column 'id_offre' in 'where clause'
192.168.56.101 - 2014-10-28 20:09:15 - 3 - Query was: SELECT `galette_aae_offres`.* FROM `galette_aae_offres` WHERE (id_offre = '1') exception 'PDOException' with message 'SQLSTATE[42S22]: Column not found: 1054 Unknown column 'id_offre' in 'where clause'' in /var/www/aae-ensg/includes/Zend-1.12.3/Zend/Db/Statement/Pdo.php:228
Stack trace:
#0 /var/www/aae-ensg/includes/Zend-1.12.3/Zend/Db/Statement/Pdo.php(228): PDOStatement->execute(Array)
#1 /var/www/aae-ensg/includes/Zend-1.12.3/Zend/Db/Statement.php(303): Zend_Db_Statement_Pdo->_execute(Array)
#2 /var/www/aae-ensg/includes/Zend-1.12.3/Zend/Db/Adapter/Abstract.php(480): Zend_Db_Statement->execute(Array)
#3 /var/www/aae-ensg/includes/Zend-1.12.3/Zend/Db/Adapter/Pdo/Abstract.php(238): Zend_Db_Adapter_Abstract->query(Object(Zend_Db_Select), Array)
#4 /var/www/aae-ensg/includes/Zend-1.12.3/Zend/Db/Select.php(686): Zend_Db_Adapter_Pdo_Abstract->query(Object(Zend_Db_Select))
#5 /var/www/aae-ensg/plugins/galette-plugin-aae/lib/GaletteAAE/Offres.php(59): Zend_Db_Select->query(2)
#6 /var/www/aae-ensg/plugins/galette-plugin-aae/liste_offres.php(29): Galette\AAE\Offres->getOffre('1')
#7 {main}

Next exception 'Zend_Db_Statement_Exception' with message 'SQLSTATE[42S22]: Column not found: 1054 Unknown column 'id_offre' in 'where clause'' in /var/www/aae-ensg/includes/Zend-1.12.3/Zend/Db/Statement/Pdo.php:234
Stack trace:
#0 /var/www/aae-ensg/includes/Zend-1.12.3/Zend/Db/Statement.php(303): Zend_Db_Statement_Pdo->_execute(Array)
#1 /var/www/aae-ensg/includes/Zend-1.12.3/Zend/Db/Adapter/Abstract.php(480): Zend_Db_Statement->execute(Array)
#2 /var/www/aae-ensg/includes/Zend-1.12.3/Zend/Db/Adapter/Pdo/Abstract.php(238): Zend_Db_Adapter_Abstract->query(Object(Zend_Db_Select), Array)
#3 /var/www/aae-ensg/includes/Zend-1.12.3/Zend/Db/Select.php(686): Zend_Db_Adapter_Pdo_Abstract->query(Object(Zend_Db_Select))
#4 /var/www/aae-ensg/plugins/galette-plugin-aae/lib/GaletteAAE/Offres.php(59): Zend_Db_Select->query(2)
#5 /var/www/aae-ensg/plugins/galette-plugin-aae/liste_offres.php(29): Galette\AAE\Offres->getOffre('1')
#6 {main}
192.168.56.101 - 2014-10-28 20:09:18 - 4 - Unable to retrieve offre information for "1". | SQLSTATE[42S22]: Column not found: 1054 Unknown column 'id_offre' in 'where clause'
192.168.56.101 - 2014-10-28 20:09:18 - 3 - Query was: SELECT `galette_aae_offres`.* FROM `galette_aae_offres` WHERE (id_offre = '1') exception 'PDOException' with message 'SQLSTATE[42S22]: Column not found: 1054 Unknown column 'id_offre' in 'where clause'' in /var/www/aae-ensg/includes/Zend-1.12.3/Zend/Db/Statement/Pdo.php:228
Stack trace:
#0 /var/www/aae-ensg/includes/Zend-1.12.3/Zend/Db/Statement/Pdo.php(228): PDOStatement->execute(Array)
#1 /var/www/aae-ensg/includes/Zend-1.12.3/Zend/Db/Statement.php(303): Zend_Db_Statement_Pdo->_execute(Array)
#2 /var/www/aae-ensg/includes/Zend-1.12.3/Zend/Db/Adapter/Abstract.php(480): Zend_Db_Statement->execute(Array)
#3 /var/www/aae-ensg/includes/Zend-1.12.3/Zend/Db/Adapter/Pdo/Abstract.php(238): Zend_Db_Adapter_Abstract->query(Object(Zend_Db_Select), Array)
#4 /var/www/aae-ensg/includes/Zend-1.12.3/Zend/Db/Select.php(686): Zend_Db_Adapter_Pdo_Abstract->query(Object(Zend_Db_Select))
#5 /var/www/aae-ensg/plugins/galette-plugin-aae/lib/GaletteAAE/Offres.php(59): Zend_Db_Select->query(2)
#6 /var/www/aae-ensg/plugins/galette-plugin-aae/liste_offres.php(29): Galette\AAE\Offres->getOffre('1')
#7 {main}

Next exception 'Zend_Db_Statement_Exception' with message 'SQLSTATE[42S22]: Column not found: 1054 Unknown column 'id_offre' in 'where clause'' in /var/www/aae-ensg/includes/Zend-1.12.3/Zend/Db/Statement/Pdo.php:234
Stack trace:
#0 /var/www/aae-ensg/includes/Zend-1.12.3/Zend/Db/Statement.php(303): Zend_Db_Statement_Pdo->_execute(Array)
#1 /var/www/aae-ensg/includes/Zend-1.12.3/Zend/Db/Adapter/Abstract.php(480): Zend_Db_Statement->execute(Array)
#2 /var/www/aae-ensg/includes/Zend-1.12.3/Zend/Db/Adapter/Pdo/Abstract.php(238): Zend_Db_Adapter_Abstract->query(Object(Zend_Db_Select), Array)
#3 /var/www/aae-ensg/includes/Zend-1.12.3/Zend/Db/Select.php(686): Zend_Db_Adapter_Pdo_Abstract->query(Object(Zend_Db_Select))
#4 /var/www/aae-ensg/plugins/galette-plugin-aae/lib/GaletteAAE/Offres.php(59): Zend_Db_Select->query(2)
#5 /var/www/aae-ensg/plugins/galette-plugin-aae/liste_offres.php(29): Galette\AAE\Offres->getOffre('1')
#6 {main}
192.168.56.101 - 2014-10-28 20:09:19 - 4 - Unable to retrieve offre information for "1". | SQLSTATE[42S22]: Column not found: 1054 Unknown column 'id_offre' in 'where clause'
192.168.56.101 - 2014-10-28 20:09:19 - 3 - Query was: SELECT `galette_aae_offres`.* FROM `galette_aae_offres` WHERE (id_offre = '1') exception 'PDOException' with message 'SQLSTATE[42S22]: Column not found: 1054 Unknown column 'id_offre' in 'where clause'' in /var/www/aae-ensg/includes/Zend-1.12.3/Zend/Db/Statement/Pdo.php:228
Stack trace:
#0 /var/www/aae-ensg/includes/Zend-1.12.3/Zend/Db/Statement/Pdo.php(228): PDOStatement->execute(Array)
#1 /var/www/aae-ensg/includes/Zend-1.12.3/Zend/Db/Statement.php(303): Zend_Db_Statement_Pdo->_execute(Array)
#2 /var/www/aae-ensg/includes/Zend-1.12.3/Zend/Db/Adapter/Abstract.php(480): Zend_Db_Statement->execute(Array)
#3 /var/www/aae-ensg/includes/Zend-1.12.3/Zend/Db/Adapter/Pdo/Abstract.php(238): Zend_Db_Adapter_Abstract->query(Object(Zend_Db_Select), Array)
#4 /var/www/aae-ensg/includes/Zend-1.12.3/Zend/Db/Select.php(686): Zend_Db_Adapter_Pdo_Abstract->query(Object(Zend_Db_Select))
#5 /var/www/aae-ensg/plugins/galette-plugin-aae/lib/GaletteAAE/Offres.php(59): Zend_Db_Select->query(2)
#6 /var/www/aae-ensg/plugins/galette-plugin-aae/liste_offres.php(29): Galette\AAE\Offres->getOffre('1')
#7 {main}

Next exception 'Zend_Db_Statement_Exception' with message 'SQLSTATE[42S22]: Column not found: 1054 Unknown column 'id_offre' in 'where clause'' in /var/www/aae-ensg/includes/Zend-1.12.3/Zend/Db/Statement/Pdo.php:234
Stack trace:
#0 /var/www/aae-ensg/includes/Zend-1.12.3/Zend/Db/Statement.php(303): Zend_Db_Statement_Pdo->_execute(Array)
#1 /var/www/aae-ensg/includes/Zend-1.12.3/Zend/Db/Adapter/Abstract.php(480): Zend_Db_Statement->execute(Array)
#2 /var/www/aae-ensg/includes/Zend-1.12.3/Zend/Db/Adapter/Pdo/Abstract.php(238): Zend_Db_Adapter_Abstract->query(Object(Zend_Db_Select), Array)
#3 /var/www/aae-ensg/includes/Zend-1.12.3/Zend/Db/Select.php(686): Zend_Db_Adapter_Pdo_Abstract->query(Object(Zend_Db_Select))
#4 /var/www/aae-ensg/plugins/galette-plugin-aae/lib/GaletteAAE/Offres.php(59): Zend_Db_Select->query(2)
#5 /var/www/aae-ensg/plugins/galette-plugin-aae/liste_offres.php(29): Galette\AAE\Offres->getOffre('1')
#6 {main}
192.168.56.101 - 2014-10-28 20:09:25 - 4 - Unable to retrieve offre information for "1". | SQLSTATE[42S22]: Column not found: 1054 Unknown column 'id_offre' in 'where clause'
192.168.56.101 - 2014-10-28 20:09:25 - 3 - Query was: SELECT `galette_aae_offres`.* FROM `galette_aae_offres` WHERE (id_offre = '1') exception 'PDOException' with message 'SQLSTATE[42S22]: Column not found: 1054 Unknown column 'id_offre' in 'where clause'' in /var/www/aae-ensg/includes/Zend-1.12.3/Zend/Db/Statement/Pdo.php:228
Stack trace:
#0 /var/www/aae-ensg/includes/Zend-1.12.3/Zend/Db/Statement/Pdo.php(228): PDOStatement->execute(Array)
#1 /var/www/aae-ensg/includes/Zend-1.12.3/Zend/Db/Statement.php(303): Zend_Db_Statement_Pdo->_execute(Array)
#2 /var/www/aae-ensg/includes/Zend-1.12.3/Zend/Db/Adapter/Abstract.php(480): Zend_Db_Statement->execute(Array)
#3 /var/www/aae-ensg/includes/Zend-1.12.3/Zend/Db/Adapter/Pdo/Abstract.php(238): Zend_Db_Adapter_Abstract->query(Object(Zend_Db_Select), Array)
#4 /var/www/aae-ensg/includes/Zend-1.12.3/Zend/Db/Select.php(686): Zend_Db_Adapter_Pdo_Abstract->query(Object(Zend_Db_Select))
#5 /var/www/aae-ensg/plugins/galette-plugin-aae/lib/GaletteAAE/Offres.php(59): Zend_Db_Select->query(2)
#6 /var/www/aae-ensg/plugins/galette-plugin-aae/liste_offres.php(29): Galette\AAE\Offres->getOffre('1')
#7 {main}

Next exception 'Zend_Db_Statement_Exception' with message 'SQLSTATE[42S22]: Column not found: 1054 Unknown column 'id_offre' in 'where clause'' in /var/www/aae-ensg/includes/Zend-1.12.3/Zend/Db/Statement/Pdo.php:234
Stack trace:
#0 /var/www/aae-ensg/includes/Zend-1.12.3/Zend/Db/Statement.php(303): Zend_Db_Statement_Pdo->_execute(Array)
#1 /var/www/aae-ensg/includes/Zend-1.12.3/Zend/Db/Adapter/Abstract.php(480): Zend_Db_Statement->execute(Array)
#2 /var/www/aae-ensg/includes/Zend-1.12.3/Zend/Db/Adapter/Pdo/Abstract.php(238): Zend_Db_Adapter_Abstract->query(Object(Zend_Db_Select), Array)
#3 /var/www/aae-ensg/includes/Zend-1.12.3/Zend/Db/Select.php(686): Zend_Db_Adapter_Pdo_Abstract->query(Object(Zend_Db_Select))
#4 /var/www/aae-ensg/plugins/galette-plugin-aae/lib/GaletteAAE/Offres.php(59): Zend_Db_Select->query(2)
#5 /var/www/aae-ensg/plugins/galette-plugin-aae/liste_offres.php(29): Galette\AAE\Offres->getOffre('1')
#6 {main}
192.168.56.101 - 2014-10-28 20:09:37 - 4 - Unable to retrieve offre information for "1". | SQLSTATE[42S22]: Column not found: 1054 Unknown column 'id_offre' in 'where clause'
192.168.56.101 - 2014-10-28 20:09:37 - 3 - Query was: SELECT `galette_aae_offres`.* FROM `galette_aae_offres` WHERE (id_offre = '1') exception 'PDOException' with message 'SQLSTATE[42S22]: Column not found: 1054 Unknown column 'id_offre' in 'where clause'' in /var/www/aae-ensg/includes/Zend-1.12.3/Zend/Db/Statement/Pdo.php:228
Stack trace:
#0 /var/www/aae-ensg/includes/Zend-1.12.3/Zend/Db/Statement/Pdo.php(228): PDOStatement->execute(Array)
#1 /var/www/aae-ensg/includes/Zend-1.12.3/Zend/Db/Statement.php(303): Zend_Db_Statement_Pdo->_execute(Array)
#2 /var/www/aae-ensg/includes/Zend-1.12.3/Zend/Db/Adapter/Abstract.php(480): Zend_Db_Statement->execute(Array)
#3 /var/www/aae-ensg/includes/Zend-1.12.3/Zend/Db/Adapter/Pdo/Abstract.php(238): Zend_Db_Adapter_Abstract->query(Object(Zend_Db_Select), Array)
#4 /var/www/aae-ensg/includes/Zend-1.12.3/Zend/Db/Select.php(686): Zend_Db_Adapter_Pdo_Abstract->query(Object(Zend_Db_Select))
#5 /var/www/aae-ensg/plugins/galette-plugin-aae/lib/GaletteAAE/Offres.php(59): Zend_Db_Select->query(2)
#6 /var/www/aae-ensg/plugins/galette-plugin-aae/liste_offres.php(29): Galette\AAE\Offres->getOffre('1')
#7 {main}

Next exception 'Zend_Db_Statement_Exception' with message 'SQLSTATE[42S22]: Column not found: 1054 Unknown column 'id_offre' in 'where clause'' in /var/www/aae-ensg/includes/Zend-1.12.3/Zend/Db/Statement/Pdo.php:234
Stack trace:
#0 /var/www/aae-ensg/includes/Zend-1.12.3/Zend/Db/Statement.php(303): Zend_Db_Statement_Pdo->_execute(Array)
#1 /var/www/aae-ensg/includes/Zend-1.12.3/Zend/Db/Adapter/Abstract.php(480): Zend_Db_Statement->execute(Array)
#2 /var/www/aae-ensg/includes/Zend-1.12.3/Zend/Db/Adapter/Pdo/Abstract.php(238): Zend_Db_Adapter_Abstract->query(Object(Zend_Db_Select), Array)
#3 /var/www/aae-ensg/includes/Zend-1.12.3/Zend/Db/Select.php(686): Zend_Db_Adapter_Pdo_Abstract->query(Object(Zend_Db_Select))
#4 /var/www/aae-ensg/plugins/galette-plugin-aae/lib/GaletteAAE/Offres.php(59): Zend_Db_Select->query(2)
#5 /var/www/aae-ensg/plugins/galette-plugin-aae/liste_offres.php(29): Galette\AAE\Offres->getOffre('1')
#6 {main}
192.168.56.101 - 2014-10-28 20:09:38 - 4 - Unable to retrieve offre information for "1". | SQLSTATE[42S22]: Column not found: 1054 Unknown column 'id_offre' in 'where clause'
192.168.56.101 - 2014-10-28 20:09:38 - 3 - Query was: SELECT `galette_aae_offres`.* FROM `galette_aae_offres` WHERE (id_offre = '1') exception 'PDOException' with message 'SQLSTATE[42S22]: Column not found: 1054 Unknown column 'id_offre' in 'where clause'' in /var/www/aae-ensg/includes/Zend-1.12.3/Zend/Db/Statement/Pdo.php:228
Stack trace:
#0 /var/www/aae-ensg/includes/Zend-1.12.3/Zend/Db/Statement/Pdo.php(228): PDOStatement->execute(Array)
#1 /var/www/aae-ensg/includes/Zend-1.12.3/Zend/Db/Statement.php(303): Zend_Db_Statement_Pdo->_execute(Array)
#2 /var/www/aae-ensg/includes/Zend-1.12.3/Zend/Db/Adapter/Abstract.php(480): Zend_Db_Statement->execute(Array)
#3 /var/www/aae-ensg/includes/Zend-1.12.3/Zend/Db/Adapter/Pdo/Abstract.php(238): Zend_Db_Adapter_Abstract->query(Object(Zend_Db_Select), Array)
#4 /var/www/aae-ensg/includes/Zend-1.12.3/Zend/Db/Select.php(686): Zend_Db_Adapter_Pdo_Abstract->query(Object(Zend_Db_Select))
#5 /var/www/aae-ensg/plugins/galette-plugin-aae/lib/GaletteAAE/Offres.php(59): Zend_Db_Select->query(2)
#6 /var/www/aae-ensg/plugins/galette-plugin-aae/liste_offres.php(29): Galette\AAE\Offres->getOffre('1')
#7 {main}

Next exception 'Zend_Db_Statement_Exception' with message 'SQLSTATE[42S22]: Column not found: 1054 Unknown column 'id_offre' in 'where clause'' in /var/www/aae-ensg/includes/Zend-1.12.3/Zend/Db/Statement/Pdo.php:234
Stack trace:
#0 /var/www/aae-ensg/includes/Zend-1.12.3/Zend/Db/Statement.php(303): Zend_Db_Statement_Pdo->_execute(Array)
#1 /var/www/aae-ensg/includes/Zend-1.12.3/Zend/Db/Adapter/Abstract.php(480): Zend_Db_Statement->execute(Array)
#2 /var/www/aae-ensg/includes/Zend-1.12.3/Zend/Db/Adapter/Pdo/Abstract.php(238): Zend_Db_Adapter_Abstract->query(Object(Zend_Db_Select), Array)
#3 /var/www/aae-ensg/includes/Zend-1.12.3/Zend/Db/Select.php(686): Zend_Db_Adapter_Pdo_Abstract->query(Object(Zend_Db_Select))
#4 /var/www/aae-ensg/plugins/galette-plugin-aae/lib/GaletteAAE/Offres.php(59): Zend_Db_Select->query(2)
#5 /var/www/aae-ensg/plugins/galette-plugin-aae/liste_offres.php(29): Galette\AAE\Offres->getOffre('1')
#6 {main}
192.168.56.101 - 2014-10-28 20:09:40 - 4 - Unable to retrieve offre information for "1". | SQLSTATE[42S22]: Column not found: 1054 Unknown column 'id_offre' in 'where clause'
192.168.56.101 - 2014-10-28 20:09:40 - 3 - Query was: SELECT `galette_aae_offres`.* FROM `galette_aae_offres` WHERE (id_offre = '1') exception 'PDOException' with message 'SQLSTATE[42S22]: Column not found: 1054 Unknown column 'id_offre' in 'where clause'' in /var/www/aae-ensg/includes/Zend-1.12.3/Zend/Db/Statement/Pdo.php:228
Stack trace:
#0 /var/www/aae-ensg/includes/Zend-1.12.3/Zend/Db/Statement/Pdo.php(228): PDOStatement->execute(Array)
#1 /var/www/aae-ensg/includes/Zend-1.12.3/Zend/Db/Statement.php(303): Zend_Db_Statement_Pdo->_execute(Array)
#2 /var/www/aae-ensg/includes/Zend-1.12.3/Zend/Db/Adapter/Abstract.php(480): Zend_Db_Statement->execute(Array)
#3 /var/www/aae-ensg/includes/Zend-1.12.3/Zend/Db/Adapter/Pdo/Abstract.php(238): Zend_Db_Adapter_Abstract->query(Object(Zend_Db_Select), Array)
#4 /var/www/aae-ensg/includes/Zend-1.12.3/Zend/Db/Select.php(686): Zend_Db_Adapter_Pdo_Abstract->query(Object(Zend_Db_Select))
#5 /var/www/aae-ensg/plugins/galette-plugin-aae/lib/GaletteAAE/Offres.php(59): Zend_Db_Select->query(2)
#6 /var/www/aae-ensg/plugins/galette-plugin-aae/liste_offres.php(29): Galette\AAE\Offres->getOffre('1')
#7 {main}

Next exception 'Zend_Db_Statement_Exception' with message 'SQLSTATE[42S22]: Column not found: 1054 Unknown column 'id_offre' in 'where clause'' in /var/www/aae-ensg/includes/Zend-1.12.3/Zend/Db/Statement/Pdo.php:234
Stack trace:
#0 /var/www/aae-ensg/includes/Zend-1.12.3/Zend/Db/Statement.php(303): Zend_Db_Statement_Pdo->_execute(Array)
#1 /var/www/aae-ensg/includes/Zend-1.12.3/Zend/Db/Adapter/Abstract.php(480): Zend_Db_Statement->execute(Array)
#2 /var/www/aae-ensg/includes/Zend-1.12.3/Zend/Db/Adapter/Pdo/Abstract.php(238): Zend_Db_Adapter_Abstract->query(Object(Zend_Db_Select), Array)
#3 /var/www/aae-ensg/includes/Zend-1.12.3/Zend/Db/Select.php(686): Zend_Db_Adapter_Pdo_Abstract->query(Object(Zend_Db_Select))
#4 /var/www/aae-ensg/plugins/galette-plugin-aae/lib/GaletteAAE/Offres.php(59): Zend_Db_Select->query(2)
#5 /var/www/aae-ensg/plugins/galette-plugin-aae/liste_offres.php(29): Galette\AAE\Offres->getOffre('1')
#6 {main}
